<?xml version="1.0" encoding="utf-8" standalone="no"?>
<testsuites xmlns:xsi="http://www.w3.org/2001/XMLSchema-instance" xsi:noNamespaceSchemaLocation="junit_schema_4.xsd" name="Pester" tests="927" errors="2" failures="36" disabled="0" time="14.808">
  <testsuite name="R:\Development\NinjaOne\Tests\NinjaOne.Core.Tests.ps1" tests="11" errors="0" failures="11" hostname="DEEPTHOUGHT" id="0" skipped="0" disabled="0" package="R:\Development\NinjaOne\Tests\NinjaOne.Core.Tests.ps1" time="1.246">
    <properties>
      <property name="framework-version" value="5.5.0" />
      <property name="cwd" value="R:\Development\NinjaOne" />
      <property name="platform" value="Microsoft Windows 11 Pro|C:\Windows|\Device\Harddisk6\Partition3" />
      <property name="os-version" value="10.0.22635" />
      <property name="user" value="MichaelO'Toole" />
      <property name="machine-name" value="DEEPTHOUGHT" />
      <property name="clr-version" value="8.0.1" />
      <property name="user-domain" value="AzureAD" />
      <property name="junit-version" value="4" />
    </properties>
    <testcase name="build - Core Tests.Manifest is valid" status="Failed" classname="R:\Development\NinjaOne\Tests\NinjaOne.Core.Tests.ps1" assertions="0" time="0.000">
      <failure message="This test should run but it did not. Most likely a setup in some parent block failed."></failure>
    </testcase>
    <testcase name="build - Core Tests.Root module is correct" status="Failed" classname="R:\Development\NinjaOne\Tests\NinjaOne.Core.Tests.ps1" assertions="0" time="0.000">
      <failure message="This test should run but it did not. Most likely a setup in some parent block failed."></failure>
    </testcase>
    <testcase name="build - Core Tests.Has a description" status="Failed" classname="R:\Development\NinjaOne\Tests\NinjaOne.Core.Tests.ps1" assertions="0" time="0.000">
      <failure message="This test should run but it did not. Most likely a setup in some parent block failed."></failure>
    </testcase>
    <testcase name="build - Core Tests.GUID is correct" status="Failed" classname="R:\Development\NinjaOne\Tests\NinjaOne.Core.Tests.ps1" assertions="0" time="0.000">
      <failure message="This test should run but it did not. Most likely a setup in some parent block failed."></failure>
    </testcase>
    <testcase name="build - Core Tests.Version is valid" status="Failed" classname="R:\Development\NinjaOne\Tests\NinjaOne.Core.Tests.ps1" assertions="0" time="0.000">
      <failure message="This test should run but it did not. Most likely a setup in some parent block failed."></failure>
    </testcase>
    <testcase name="build - Core Tests.Copyright is present" status="Failed" classname="R:\Development\NinjaOne\Tests\NinjaOne.Core.Tests.ps1" assertions="0" time="0.000">
      <failure message="This test should run but it did not. Most likely a setup in some parent block failed."></failure>
    </testcase>
    <testcase name="build - Core Tests.License URI is correct" status="Failed" classname="R:\Development\NinjaOne\Tests\NinjaOne.Core.Tests.ps1" assertions="0" time="0.000">
      <failure message="This test should run but it did not. Most likely a setup in some parent block failed."></failure>
    </testcase>
    <testcase name="build - Core Tests.Project URI is correct" status="Failed" classname="R:\Development\NinjaOne\Tests\NinjaOne.Core.Tests.ps1" assertions="0" time="0.000">
      <failure message="This test should run but it did not. Most likely a setup in some parent block failed."></failure>
    </testcase>
    <testcase name="build - Core Tests.PowerShell Gallery tags is not empty" status="Failed" classname="R:\Development\NinjaOne\Tests\NinjaOne.Core.Tests.ps1" assertions="0" time="0.000">
      <failure message="This test should run but it did not. Most likely a setup in some parent block failed."></failure>
    </testcase>
    <testcase name="build - Core Tests.PowerShell Gallery tags do not contain spaces" status="Failed" classname="R:\Development\NinjaOne\Tests\NinjaOne.Core.Tests.ps1" assertions="0" time="0.000">
      <failure message="This test should run but it did not. Most likely a setup in some parent block failed."></failure>
    </testcase>
    <testcase name="build - Module Load Test.Passed Module load" status="Failed" classname="R:\Development\NinjaOne\Tests\NinjaOne.Core.Tests.ps1" assertions="0" time="0.000">
      <failure message="This test should run but it did not. Most likely a setup in some parent block failed."></failure>
    </testcase>
  </testsuite>
  <testsuite name="R:\Development\NinjaOne\Tests\NinjaOne.Help.Tests.ps1" tests="916" errors="0" failures="25" hostname="DEEPTHOUGHT" id="1" skipped="0" disabled="0" package="R:\Development\NinjaOne\Tests\NinjaOne.Help.Tests.ps1" time="13.369">
    <properties>
      <property name="framework-version" value="5.5.0" />
      <property name="cwd" value="R:\Development\NinjaOne" />
      <property name="platform" value="Microsoft Windows 11 Pro|C:\Windows|\Device\Harddisk6\Partition3" />
      <property name="os-version" value="10.0.22635" />
      <property name="user" value="MichaelO'Toole" />
      <property name="machine-name" value="DEEPTHOUGHT" />
      <property name="clr-version" value="8.0.1" />
      <property name="user-domain" value="AzureAD" />
      <property name="junit-version" value="4" />
    </properties>
    <testcase name="NinjaOne - Help Content.Function Connect-NinjaOne.has help content" status="Passed" classname="R:\Development\NinjaOne\Tests\NinjaOne.Help.Tests.ps1" assertions="0" time="0.159" />
    <testcase name="NinjaOne - Help Content.Function Connect-NinjaOne.contains a synopsis" status="Passed" classname="R:\Development\NinjaOne\Tests\NinjaOne.Help.Tests.ps1" assertions="0" time="0.015" />
    <testcase name="NinjaOne - Help Content.Function Connect-NinjaOne.contains a description" status="Passed" classname="R:\Development\NinjaOne\Tests\NinjaOne.Help.Tests.ps1" assertions="0" time="0.015" />
    <testcase name="NinjaOne - Help Content.Function Connect-NinjaOne.contains a functionality" status="Passed" classname="R:\Development\NinjaOne\Tests\NinjaOne.Help.Tests.ps1" assertions="0" time="0.015" />
    <testcase name="NinjaOne - Help Content.Function Connect-NinjaOne.has at least one usage example" status="Passed" classname="R:\Development\NinjaOne\Tests\NinjaOne.Help.Tests.ps1" assertions="0" time="0.022" />
    <testcase name="NinjaOne - Help Content.Function Connect-NinjaOne.has a title for each example" status="Passed" classname="R:\Development\NinjaOne\Tests\NinjaOne.Help.Tests.ps1" assertions="0" time="0.020" />
    <testcase name="NinjaOne - Help Content.Function Connect-NinjaOne.has a title for each example" status="Passed" classname="R:\Development\NinjaOne\Tests\NinjaOne.Help.Tests.ps1" assertions="0" time="0.003" />
    <testcase name="NinjaOne - Help Content.Function Connect-NinjaOne.has a title for each example" status="Passed" classname="R:\Development\NinjaOne\Tests\NinjaOne.Help.Tests.ps1" assertions="0" time="0.015" />
    <testcase name="NinjaOne - Help Content.Function Connect-NinjaOne.has a title for each example" status="Passed" classname="R:\Development\NinjaOne\Tests\NinjaOne.Help.Tests.ps1" assertions="0" time="0.004" />
    <testcase name="NinjaOne - Help Content.Function Connect-NinjaOne.has a title for each example" status="Passed" classname="R:\Development\NinjaOne\Tests\NinjaOne.Help.Tests.ps1" assertions="0" time="0.004" />
    <testcase name="NinjaOne - Help Content.Function Connect-NinjaOne.has a description for each example" status="Passed" classname="R:\Development\NinjaOne\Tests\NinjaOne.Help.Tests.ps1" assertions="0" time="0.017" />
    <testcase name="NinjaOne - Help Content.Function Connect-NinjaOne.has a description for each example" status="Passed" classname="R:\Development\NinjaOne\Tests\NinjaOne.Help.Tests.ps1" assertions="0" time="0.003" />
    <testcase name="NinjaOne - Help Content.Function Connect-NinjaOne.has a description for each example" status="Passed" classname="R:\Development\NinjaOne\Tests\NinjaOne.Help.Tests.ps1" assertions="0" time="0.003" />
    <testcase name="NinjaOne - Help Content.Function Connect-NinjaOne.has a description for each example" status="Passed" classname="R:\Development\NinjaOne\Tests\NinjaOne.Help.Tests.ps1" assertions="0" time="0.003" />
    <testcase name="NinjaOne - Help Content.Function Connect-NinjaOne.has a description for each example" status="Passed" classname="R:\Development\NinjaOne\Tests\NinjaOne.Help.Tests.ps1" assertions="0" time="0.004" />
    <testcase name="NinjaOne - Help Content.Function Find-NinjaOneDevices.has help content" status="Passed" classname="R:\Development\NinjaOne\Tests\NinjaOne.Help.Tests.ps1" assertions="0" time="0.004" />
    <testcase name="NinjaOne - Help Content.Function Find-NinjaOneDevices.contains a synopsis" status="Passed" classname="R:\Development\NinjaOne\Tests\NinjaOne.Help.Tests.ps1" assertions="0" time="0.003" />
    <testcase name="NinjaOne - Help Content.Function Find-NinjaOneDevices.contains a description" status="Passed" classname="R:\Development\NinjaOne\Tests\NinjaOne.Help.Tests.ps1" assertions="0" time="0.003" />
    <testcase name="NinjaOne - Help Content.Function Find-NinjaOneDevices.contains a functionality" status="Passed" classname="R:\Development\NinjaOne\Tests\NinjaOne.Help.Tests.ps1" assertions="0" time="0.003" />
    <testcase name="NinjaOne - Help Content.Function Find-NinjaOneDevices.has at least one usage example" status="Passed" classname="R:\Development\NinjaOne\Tests\NinjaOne.Help.Tests.ps1" assertions="0" time="0.004" />
    <testcase name="NinjaOne - Help Content.Function Find-NinjaOneDevices.has a title for each example" status="Passed" classname="R:\Development\NinjaOne\Tests\NinjaOne.Help.Tests.ps1" assertions="0" time="0.004" />
    <testcase name="NinjaOne - Help Content.Function Find-NinjaOneDevices.has a title for each example" status="Passed" classname="R:\Development\NinjaOne\Tests\NinjaOne.Help.Tests.ps1" assertions="0" time="0.004" />
    <testcase name="NinjaOne - Help Content.Function Find-NinjaOneDevices.has a description for each example" status="Passed" classname="R:\Development\NinjaOne\Tests\NinjaOne.Help.Tests.ps1" assertions="0" time="0.013" />
    <testcase name="NinjaOne - Help Content.Function Find-NinjaOneDevices.has a description for each example" status="Passed" classname="R:\Development\NinjaOne\Tests\NinjaOne.Help.Tests.ps1" assertions="0" time="0.003" />
    <testcase name="NinjaOne - Help Content.Function Get-NinjaOneActivities.has help content" status="Passed" classname="R:\Development\NinjaOne\Tests\NinjaOne.Help.Tests.ps1" assertions="0" time="0.005" />
    <testcase name="NinjaOne - Help Content.Function Get-NinjaOneActivities.contains a synopsis" status="Passed" classname="R:\Development\NinjaOne\Tests\NinjaOne.Help.Tests.ps1" assertions="0" time="0.003" />
    <testcase name="NinjaOne - Help Content.Function Get-NinjaOneActivities.contains a description" status="Passed" classname="R:\Development\NinjaOne\Tests\NinjaOne.Help.Tests.ps1" assertions="0" time="0.003" />
    <testcase name="NinjaOne - Help Content.Function Get-NinjaOneActivities.contains a functionality" status="Passed" classname="R:\Development\NinjaOne\Tests\NinjaOne.Help.Tests.ps1" assertions="0" time="0.003" />
    <testcase name="NinjaOne - Help Content.Function Get-NinjaOneActivities.has at least one usage example" status="Passed" classname="R:\Development\NinjaOne\Tests\NinjaOne.Help.Tests.ps1" assertions="0" time="0.004" />
    <testcase name="NinjaOne - Help Content.Function Get-NinjaOneActivities.has a title for each example" status="Passed" classname="R:\Development\NinjaOne\Tests\NinjaOne.Help.Tests.ps1" assertions="0" time="0.004" />
    <testcase name="NinjaOne - Help Content.Function Get-NinjaOneActivities.has a title for each example" status="Passed" classname="R:\Development\NinjaOne\Tests\NinjaOne.Help.Tests.ps1" assertions="0" time="0.004" />
    <testcase name="NinjaOne - Help Content.Function Get-NinjaOneActivities.has a title for each example" status="Passed" classname="R:\Development\NinjaOne\Tests\NinjaOne.Help.Tests.ps1" assertions="0" time="0.004" />
    <testcase name="NinjaOne - Help Content.Function Get-NinjaOneActivities.has a title for each example" status="Passed" classname="R:\Development\NinjaOne\Tests\NinjaOne.Help.Tests.ps1" assertions="0" time="0.005" />
    <testcase name="NinjaOne - Help Content.Function Get-NinjaOneActivities.has a title for each example" status="Passed" classname="R:\Development\NinjaOne\Tests\NinjaOne.Help.Tests.ps1" assertions="0" time="0.005" />
    <testcase name="NinjaOne - Help Content.Function Get-NinjaOneActivities.has a title for each example" status="Passed" classname="R:\Development\NinjaOne\Tests\NinjaOne.Help.Tests.ps1" assertions="0" time="0.005" />
    <testcase name="NinjaOne - Help Content.Function Get-NinjaOneActivities.has a title for each example" status="Passed" classname="R:\Development\NinjaOne\Tests\NinjaOne.Help.Tests.ps1" assertions="0" time="0.004" />
    <testcase name="NinjaOne - Help Content.Function Get-NinjaOneActivities.has a title for each example" status="Passed" classname="R:\Development\NinjaOne\Tests\NinjaOne.Help.Tests.ps1" assertions="0" time="0.004" />
    <testcase name="NinjaOne - Help Content.Function Get-NinjaOneActivities.has a title for each example" status="Passed" classname="R:\Development\NinjaOne\Tests\NinjaOne.Help.Tests.ps1" assertions="0" time="0.022" />
    <testcase name="NinjaOne - Help Content.Function Get-NinjaOneActivities.has a title for each example" status="Passed" classname="R:\Development\NinjaOne\Tests\NinjaOne.Help.Tests.ps1" assertions="0" time="0.003" />
    <testcase name="NinjaOne - Help Content.Function Get-NinjaOneActivities.has a title for each example" status="Passed" classname="R:\Development\NinjaOne\Tests\NinjaOne.Help.Tests.ps1" assertions="0" time="0.003" />
    <testcase name="NinjaOne - Help Content.Function Get-NinjaOneActivities.has a description for each example" status="Passed" classname="R:\Development\NinjaOne\Tests\NinjaOne.Help.Tests.ps1" assertions="0" time="0.004" />
    <testcase name="NinjaOne - Help Content.Function Get-NinjaOneActivities.has a description for each example" status="Passed" classname="R:\Development\NinjaOne\Tests\NinjaOne.Help.Tests.ps1" assertions="0" time="0.004" />
    <testcase name="NinjaOne - Help Content.Function Get-NinjaOneActivities.has a description for each example" status="Passed" classname="R:\Development\NinjaOne\Tests\NinjaOne.Help.Tests.ps1" assertions="0" time="0.003" />
    <testcase name="NinjaOne - Help Content.Function Get-NinjaOneActivities.has a description for each example" status="Passed" classname="R:\Development\NinjaOne\Tests\NinjaOne.Help.Tests.ps1" assertions="0" time="0.003" />
    <testcase name="NinjaOne - Help Content.Function Get-NinjaOneActivities.has a description for each example" status="Passed" classname="R:\Development\NinjaOne\Tests\NinjaOne.Help.Tests.ps1" assertions="0" time="0.003" />
    <testcase name="NinjaOne - Help Content.Function Get-NinjaOneActivities.has a description for each example" status="Passed" classname="R:\Development\NinjaOne\Tests\NinjaOne.Help.Tests.ps1" assertions="0" time="0.004" />
    <testcase name="NinjaOne - Help Content.Function Get-NinjaOneActivities.has a description for each example" status="Passed" classname="R:\Development\NinjaOne\Tests\NinjaOne.Help.Tests.ps1" assertions="0" time="0.003" />
    <testcase name="NinjaOne - Help Content.Function Get-NinjaOneActivities.has a description for each example" status="Passed" classname="R:\Development\NinjaOne\Tests\NinjaOne.Help.Tests.ps1" assertions="0" time="0.003" />
    <testcase name="NinjaOne - Help Content.Function Get-NinjaOneActivities.has a description for each example" status="Passed" classname="R:\Development\NinjaOne\Tests\NinjaOne.Help.Tests.ps1" assertions="0" time="0.003" />
    <testcase name="NinjaOne - Help Content.Function Get-NinjaOneActivities.has a description for each example" status="Passed" classname="R:\Development\NinjaOne\Tests\NinjaOne.Help.Tests.ps1" assertions="0" time="0.005" />
    <testcase name="NinjaOne - Help Content.Function Get-NinjaOneActivities.has a description for each example" status="Passed" classname="R:\Development\NinjaOne\Tests\NinjaOne.Help.Tests.ps1" assertions="0" time="0.004" />
    <testcase name="NinjaOne - Help Content.Function Get-NinjaOneAlerts.has help content" status="Passed" classname="R:\Development\NinjaOne\Tests\NinjaOne.Help.Tests.ps1" assertions="0" time="0.004" />
    <testcase name="NinjaOne - Help Content.Function Get-NinjaOneAlerts.contains a synopsis" status="Passed" classname="R:\Development\NinjaOne\Tests\NinjaOne.Help.Tests.ps1" assertions="0" time="0.003" />
    <testcase name="NinjaOne - Help Content.Function Get-NinjaOneAlerts.contains a description" status="Passed" classname="R:\Development\NinjaOne\Tests\NinjaOne.Help.Tests.ps1" assertions="0" time="0.003" />
    <testcase name="NinjaOne - Help Content.Function Get-NinjaOneAlerts.contains a functionality" status="Passed" classname="R:\Development\NinjaOne\Tests\NinjaOne.Help.Tests.ps1" assertions="0" time="0.003" />
    <testcase name="NinjaOne - Help Content.Function Get-NinjaOneAlerts.has at least one usage example" status="Passed" classname="R:\Development\NinjaOne\Tests\NinjaOne.Help.Tests.ps1" assertions="0" time="0.004" />
    <testcase name="NinjaOne - Help Content.Function Get-NinjaOneAlerts.has a title for each example" status="Passed" classname="R:\Development\NinjaOne\Tests\NinjaOne.Help.Tests.ps1" assertions="0" time="0.003" />
    <testcase name="NinjaOne - Help Content.Function Get-NinjaOneAlerts.has a title for each example" status="Passed" classname="R:\Development\NinjaOne\Tests\NinjaOne.Help.Tests.ps1" assertions="0" time="0.004" />
    <testcase name="NinjaOne - Help Content.Function Get-NinjaOneAlerts.has a title for each example" status="Passed" classname="R:\Development\NinjaOne\Tests\NinjaOne.Help.Tests.ps1" assertions="0" time="0.004" />
    <testcase name="NinjaOne - Help Content.Function Get-NinjaOneAlerts.has a description for each example" status="Passed" classname="R:\Development\NinjaOne\Tests\NinjaOne.Help.Tests.ps1" assertions="0" time="0.008" />
    <testcase name="NinjaOne - Help Content.Function Get-NinjaOneAlerts.has a description for each example" status="Passed" classname="R:\Development\NinjaOne\Tests\NinjaOne.Help.Tests.ps1" assertions="0" time="0.004" />
    <testcase name="NinjaOne - Help Content.Function Get-NinjaOneAlerts.has a description for each example" status="Passed" classname="R:\Development\NinjaOne\Tests\NinjaOne.Help.Tests.ps1" assertions="0" time="0.004" />
    <testcase name="NinjaOne - Help Content.Function Get-NinjaOneAntiVirusStatus.has help content" status="Passed" classname="R:\Development\NinjaOne\Tests\NinjaOne.Help.Tests.ps1" assertions="0" time="0.004" />
    <testcase name="NinjaOne - Help Content.Function Get-NinjaOneAntiVirusStatus.contains a synopsis" status="Passed" classname="R:\Development\NinjaOne\Tests\NinjaOne.Help.Tests.ps1" assertions="0" time="0.003" />
    <testcase name="NinjaOne - Help Content.Function Get-NinjaOneAntiVirusStatus.contains a description" status="Passed" classname="R:\Development\NinjaOne\Tests\NinjaOne.Help.Tests.ps1" assertions="0" time="0.003" />
    <testcase name="NinjaOne - Help Content.Function Get-NinjaOneAntiVirusStatus.contains a functionality" status="Passed" classname="R:\Development\NinjaOne\Tests\NinjaOne.Help.Tests.ps1" assertions="0" time="0.003" />
    <testcase name="NinjaOne - Help Content.Function Get-NinjaOneAntiVirusStatus.has at least one usage example" status="Passed" classname="R:\Development\NinjaOne\Tests\NinjaOne.Help.Tests.ps1" assertions="0" time="0.005" />
    <testcase name="NinjaOne - Help Content.Function Get-NinjaOneAntiVirusStatus.has a title for each example" status="Passed" classname="R:\Development\NinjaOne\Tests\NinjaOne.Help.Tests.ps1" assertions="0" time="0.004" />
    <testcase name="NinjaOne - Help Content.Function Get-NinjaOneAntiVirusStatus.has a title for each example" status="Passed" classname="R:\Development\NinjaOne\Tests\NinjaOne.Help.Tests.ps1" assertions="0" time="0.003" />
    <testcase name="NinjaOne - Help Content.Function Get-NinjaOneAntiVirusStatus.has a title for each example" status="Passed" classname="R:\Development\NinjaOne\Tests\NinjaOne.Help.Tests.ps1" assertions="0" time="0.002" />
    <testcase name="NinjaOne - Help Content.Function Get-NinjaOneAntiVirusStatus.has a title for each example" status="Passed" classname="R:\Development\NinjaOne\Tests\NinjaOne.Help.Tests.ps1" assertions="0" time="0.004" />
    <testcase name="NinjaOne - Help Content.Function Get-NinjaOneAntiVirusStatus.has a description for each example" status="Passed" classname="R:\Development\NinjaOne\Tests\NinjaOne.Help.Tests.ps1" assertions="0" time="0.003" />
    <testcase name="NinjaOne - Help Content.Function Get-NinjaOneAntiVirusStatus.has a description for each example" status="Passed" classname="R:\Development\NinjaOne\Tests\NinjaOne.Help.Tests.ps1" assertions="0" time="0.003" />
    <testcase name="NinjaOne - Help Content.Function Get-NinjaOneAntiVirusStatus.has a description for each example" status="Passed" classname="R:\Development\NinjaOne\Tests\NinjaOne.Help.Tests.ps1" assertions="0" time="0.003" />
    <testcase name="NinjaOne - Help Content.Function Get-NinjaOneAntiVirusStatus.has a description for each example" status="Passed" classname="R:\Development\NinjaOne\Tests\NinjaOne.Help.Tests.ps1" assertions="0" time="0.003" />
    <testcase name="NinjaOne - Help Content.Function Get-NinjaOneAntiVirusThreats.has help content" status="Passed" classname="R:\Development\NinjaOne\Tests\NinjaOne.Help.Tests.ps1" assertions="0" time="0.005" />
    <testcase name="NinjaOne - Help Content.Function Get-NinjaOneAntiVirusThreats.contains a synopsis" status="Passed" classname="R:\Development\NinjaOne\Tests\NinjaOne.Help.Tests.ps1" assertions="0" time="0.003" />
    <testcase name="NinjaOne - Help Content.Function Get-NinjaOneAntiVirusThreats.contains a description" status="Passed" classname="R:\Development\NinjaOne\Tests\NinjaOne.Help.Tests.ps1" assertions="0" time="0.003" />
    <testcase name="NinjaOne - Help Content.Function Get-NinjaOneAntiVirusThreats.contains a functionality" status="Passed" classname="R:\Development\NinjaOne\Tests\NinjaOne.Help.Tests.ps1" assertions="0" time="0.003" />
    <testcase name="NinjaOne - Help Content.Function Get-NinjaOneAntiVirusThreats.has at least one usage example" status="Passed" classname="R:\Development\NinjaOne\Tests\NinjaOne.Help.Tests.ps1" assertions="0" time="0.008" />
    <testcase name="NinjaOne - Help Content.Function Get-NinjaOneAntiVirusThreats.has a title for each example" status="Passed" classname="R:\Development\NinjaOne\Tests\NinjaOne.Help.Tests.ps1" assertions="0" time="0.002" />
    <testcase name="NinjaOne - Help Content.Function Get-NinjaOneAntiVirusThreats.has a title for each example" status="Passed" classname="R:\Development\NinjaOne\Tests\NinjaOne.Help.Tests.ps1" assertions="0" time="0.003" />
    <testcase name="NinjaOne - Help Content.Function Get-NinjaOneAntiVirusThreats.has a description for each example" status="Passed" classname="R:\Development\NinjaOne\Tests\NinjaOne.Help.Tests.ps1" assertions="0" time="0.002" />
    <testcase name="NinjaOne - Help Content.Function Get-NinjaOneAntiVirusThreats.has a description for each example" status="Passed" classname="R:\Development\NinjaOne\Tests\NinjaOne.Help.Tests.ps1" assertions="0" time="0.003" />
    <testcase name="NinjaOne - Help Content.Function Get-NinjaOneAttachment.has help content" status="Passed" classname="R:\Development\NinjaOne\Tests\NinjaOne.Help.Tests.ps1" assertions="0" time="0.004" />
    <testcase name="NinjaOne - Help Content.Function Get-NinjaOneAttachment.contains a synopsis" status="Passed" classname="R:\Development\NinjaOne\Tests\NinjaOne.Help.Tests.ps1" assertions="0" time="0.003" />
    <testcase name="NinjaOne - Help Content.Function Get-NinjaOneAttachment.contains a description" status="Passed" classname="R:\Development\NinjaOne\Tests\NinjaOne.Help.Tests.ps1" assertions="0" time="0.003" />
    <testcase name="NinjaOne - Help Content.Function Get-NinjaOneAttachment.contains a functionality" status="Passed" classname="R:\Development\NinjaOne\Tests\NinjaOne.Help.Tests.ps1" assertions="0" time="0.003" />
    <testcase name="NinjaOne - Help Content.Function Get-NinjaOneAttachment.has at least one usage example" status="Passed" classname="R:\Development\NinjaOne\Tests\NinjaOne.Help.Tests.ps1" assertions="0" time="0.005" />
    <testcase name="NinjaOne - Help Content.Function Get-NinjaOneAttachment.has a title for each example" status="Passed" classname="R:\Development\NinjaOne\Tests\NinjaOne.Help.Tests.ps1" assertions="0" time="0.002" />
    <testcase name="NinjaOne - Help Content.Function Get-NinjaOneAttachment.has a description for each example" status="Passed" classname="R:\Development\NinjaOne\Tests\NinjaOne.Help.Tests.ps1" assertions="0" time="0.003" />
    <testcase name="NinjaOne - Help Content.Function Get-NinjaOneBackupJobs.has help content" status="Passed" classname="R:\Development\NinjaOne\Tests\NinjaOne.Help.Tests.ps1" assertions="0" time="0.003" />
    <testcase name="NinjaOne - Help Content.Function Get-NinjaOneBackupJobs.contains a synopsis" status="Passed" classname="R:\Development\NinjaOne\Tests\NinjaOne.Help.Tests.ps1" assertions="0" time="0.003" />
    <testcase name="NinjaOne - Help Content.Function Get-NinjaOneBackupJobs.contains a description" status="Passed" classname="R:\Development\NinjaOne\Tests\NinjaOne.Help.Tests.ps1" assertions="0" time="0.003" />
    <testcase name="NinjaOne - Help Content.Function Get-NinjaOneBackupJobs.contains a functionality" status="Passed" classname="R:\Development\NinjaOne\Tests\NinjaOne.Help.Tests.ps1" assertions="0" time="0.002" />
    <testcase name="NinjaOne - Help Content.Function Get-NinjaOneBackupJobs.has at least one usage example" status="Passed" classname="R:\Development\NinjaOne\Tests\NinjaOne.Help.Tests.ps1" assertions="0" time="0.003" />
    <testcase name="NinjaOne - Help Content.Function Get-NinjaOneBackupJobs.has a title for each example" status="Passed" classname="R:\Development\NinjaOne\Tests\NinjaOne.Help.Tests.ps1" assertions="0" time="0.003" />
    <testcase name="NinjaOne - Help Content.Function Get-NinjaOneBackupJobs.has a title for each example" status="Passed" classname="R:\Development\NinjaOne\Tests\NinjaOne.Help.Tests.ps1" assertions="0" time="0.002" />
    <testcase name="NinjaOne - Help Content.Function Get-NinjaOneBackupJobs.has a title for each example" status="Passed" classname="R:\Development\NinjaOne\Tests\NinjaOne.Help.Tests.ps1" assertions="0" time="0.005" />
    <testcase name="NinjaOne - Help Content.Function Get-NinjaOneBackupJobs.has a title for each example" status="Passed" classname="R:\Development\NinjaOne\Tests\NinjaOne.Help.Tests.ps1" assertions="0" time="0.002" />
    <testcase name="NinjaOne - Help Content.Function Get-NinjaOneBackupJobs.has a title for each example" status="Passed" classname="R:\Development\NinjaOne\Tests\NinjaOne.Help.Tests.ps1" assertions="0" time="0.002" />
    <testcase name="NinjaOne - Help Content.Function Get-NinjaOneBackupJobs.has a title for each example" status="Passed" classname="R:\Development\NinjaOne\Tests\NinjaOne.Help.Tests.ps1" assertions="0" time="0.003" />
    <testcase name="NinjaOne - Help Content.Function Get-NinjaOneBackupJobs.has a title for each example" status="Passed" classname="R:\Development\NinjaOne\Tests\NinjaOne.Help.Tests.ps1" assertions="0" time="0.003" />
    <testcase name="NinjaOne - Help Content.Function Get-NinjaOneBackupJobs.has a title for each example" status="Passed" classname="R:\Development\NinjaOne\Tests\NinjaOne.Help.Tests.ps1" assertions="0" time="0.003" />
    <testcase name="NinjaOne - Help Content.Function Get-NinjaOneBackupJobs.has a title for each example" status="Passed" classname="R:\Development\NinjaOne\Tests\NinjaOne.Help.Tests.ps1" assertions="0" time="0.002" />
    <testcase name="NinjaOne - Help Content.Function Get-NinjaOneBackupJobs.has a title for each example" status="Passed" classname="R:\Development\NinjaOne\Tests\NinjaOne.Help.Tests.ps1" assertions="0" time="0.002" />
    <testcase name="NinjaOne - Help Content.Function Get-NinjaOneBackupJobs.has a title for each example" status="Passed" classname="R:\Development\NinjaOne\Tests\NinjaOne.Help.Tests.ps1" assertions="0" time="0.003" />
    <testcase name="NinjaOne - Help Content.Function Get-NinjaOneBackupJobs.has a title for each example" status="Passed" classname="R:\Development\NinjaOne\Tests\NinjaOne.Help.Tests.ps1" assertions="0" time="0.002" />
    <testcase name="NinjaOne - Help Content.Function Get-NinjaOneBackupJobs.has a title for each example" status="Passed" classname="R:\Development\NinjaOne\Tests\NinjaOne.Help.Tests.ps1" assertions="0" time="0.002" />
    <testcase name="NinjaOne - Help Content.Function Get-NinjaOneBackupJobs.has a title for each example" status="Passed" classname="R:\Development\NinjaOne\Tests\NinjaOne.Help.Tests.ps1" assertions="0" time="0.002" />
    <testcase name="NinjaOne - Help Content.Function Get-NinjaOneBackupJobs.has a description for each example" status="Passed" classname="R:\Development\NinjaOne\Tests\NinjaOne.Help.Tests.ps1" assertions="0" time="0.002" />
    <testcase name="NinjaOne - Help Content.Function Get-NinjaOneBackupJobs.has a description for each example" status="Passed" classname="R:\Development\NinjaOne\Tests\NinjaOne.Help.Tests.ps1" assertions="0" time="0.002" />
    <testcase name="NinjaOne - Help Content.Function Get-NinjaOneBackupJobs.has a description for each example" status="Passed" classname="R:\Development\NinjaOne\Tests\NinjaOne.Help.Tests.ps1" assertions="0" time="0.002" />
    <testcase name="NinjaOne - Help Content.Function Get-NinjaOneBackupJobs.has a description for each example" status="Passed" classname="R:\Development\NinjaOne\Tests\NinjaOne.Help.Tests.ps1" assertions="0" time="0.003" />
    <testcase name="NinjaOne - Help Content.Function Get-NinjaOneBackupJobs.has a description for each example" status="Passed" classname="R:\Development\NinjaOne\Tests\NinjaOne.Help.Tests.ps1" assertions="0" time="0.003" />
    <testcase name="NinjaOne - Help Content.Function Get-NinjaOneBackupJobs.has a description for each example" status="Passed" classname="R:\Development\NinjaOne\Tests\NinjaOne.Help.Tests.ps1" assertions="0" time="0.002" />
    <testcase name="NinjaOne - Help Content.Function Get-NinjaOneBackupJobs.has a description for each example" status="Passed" classname="R:\Development\NinjaOne\Tests\NinjaOne.Help.Tests.ps1" assertions="0" time="0.003" />
    <testcase name="NinjaOne - Help Content.Function Get-NinjaOneBackupJobs.has a description for each example" status="Passed" classname="R:\Development\NinjaOne\Tests\NinjaOne.Help.Tests.ps1" assertions="0" time="0.002" />
    <testcase name="NinjaOne - Help Content.Function Get-NinjaOneBackupJobs.has a description for each example" status="Passed" classname="R:\Development\NinjaOne\Tests\NinjaOne.Help.Tests.ps1" assertions="0" time="0.003" />
    <testcase name="NinjaOne - Help Content.Function Get-NinjaOneBackupJobs.has a description for each example" status="Passed" classname="R:\Development\NinjaOne\Tests\NinjaOne.Help.Tests.ps1" assertions="0" time="0.003" />
    <testcase name="NinjaOne - Help Content.Function Get-NinjaOneBackupJobs.has a description for each example" status="Passed" classname="R:\Development\NinjaOne\Tests\NinjaOne.Help.Tests.ps1" assertions="0" time="0.002" />
    <testcase name="NinjaOne - Help Content.Function Get-NinjaOneBackupJobs.has a description for each example" status="Passed" classname="R:\Development\NinjaOne\Tests\NinjaOne.Help.Tests.ps1" assertions="0" time="0.006" />
    <testcase name="NinjaOne - Help Content.Function Get-NinjaOneBackupJobs.has a description for each example" status="Passed" classname="R:\Development\NinjaOne\Tests\NinjaOne.Help.Tests.ps1" assertions="0" time="0.002" />
    <testcase name="NinjaOne - Help Content.Function Get-NinjaOneBackupJobs.has a description for each example" status="Passed" classname="R:\Development\NinjaOne\Tests\NinjaOne.Help.Tests.ps1" assertions="0" time="0.002" />
    <testcase name="NinjaOne - Help Content.Function Get-NinjaOneBackupUsage.has help content" status="Passed" classname="R:\Development\NinjaOne\Tests\NinjaOne.Help.Tests.ps1" assertions="0" time="0.004" />
    <testcase name="NinjaOne - Help Content.Function Get-NinjaOneBackupUsage.contains a synopsis" status="Passed" classname="R:\Development\NinjaOne\Tests\NinjaOne.Help.Tests.ps1" assertions="0" time="0.002" />
    <testcase name="NinjaOne - Help Content.Function Get-NinjaOneBackupUsage.contains a description" status="Passed" classname="R:\Development\NinjaOne\Tests\NinjaOne.Help.Tests.ps1" assertions="0" time="0.002" />
    <testcase name="NinjaOne - Help Content.Function Get-NinjaOneBackupUsage.contains a functionality" status="Passed" classname="R:\Development\NinjaOne\Tests\NinjaOne.Help.Tests.ps1" assertions="0" time="0.002" />
    <testcase name="NinjaOne - Help Content.Function Get-NinjaOneBackupUsage.has at least one usage example" status="Passed" classname="R:\Development\NinjaOne\Tests\NinjaOne.Help.Tests.ps1" assertions="0" time="0.003" />
    <testcase name="NinjaOne - Help Content.Function Get-NinjaOneBackupUsage.has a title for each example" status="Passed" classname="R:\Development\NinjaOne\Tests\NinjaOne.Help.Tests.ps1" assertions="0" time="0.002" />
    <testcase name="NinjaOne - Help Content.Function Get-NinjaOneBackupUsage.has a title for each example" status="Passed" classname="R:\Development\NinjaOne\Tests\NinjaOne.Help.Tests.ps1" assertions="0" time="0.002" />
    <testcase name="NinjaOne - Help Content.Function Get-NinjaOneBackupUsage.has a title for each example" status="Passed" classname="R:\Development\NinjaOne\Tests\NinjaOne.Help.Tests.ps1" assertions="0" time="0.002" />
    <testcase name="NinjaOne - Help Content.Function Get-NinjaOneBackupUsage.has a title for each example" status="Passed" classname="R:\Development\NinjaOne\Tests\NinjaOne.Help.Tests.ps1" assertions="0" time="0.003" />
    <testcase name="NinjaOne - Help Content.Function Get-NinjaOneBackupUsage.has a description for each example" status="Passed" classname="R:\Development\NinjaOne\Tests\NinjaOne.Help.Tests.ps1" assertions="0" time="0.003" />
    <testcase name="NinjaOne - Help Content.Function Get-NinjaOneBackupUsage.has a description for each example" status="Passed" classname="R:\Development\NinjaOne\Tests\NinjaOne.Help.Tests.ps1" assertions="0" time="0.002" />
    <testcase name="NinjaOne - Help Content.Function Get-NinjaOneBackupUsage.has a description for each example" status="Passed" classname="R:\Development\NinjaOne\Tests\NinjaOne.Help.Tests.ps1" assertions="0" time="0.002" />
    <testcase name="NinjaOne - Help Content.Function Get-NinjaOneBackupUsage.has a description for each example" status="Passed" classname="R:\Development\NinjaOne\Tests\NinjaOne.Help.Tests.ps1" assertions="0" time="0.003" />
    <testcase name="NinjaOne - Help Content.Function Get-NinjaOneComputerSystems.has help content" status="Passed" classname="R:\Development\NinjaOne\Tests\NinjaOne.Help.Tests.ps1" assertions="0" time="0.003" />
    <testcase name="NinjaOne - Help Content.Function Get-NinjaOneComputerSystems.contains a synopsis" status="Passed" classname="R:\Development\NinjaOne\Tests\NinjaOne.Help.Tests.ps1" assertions="0" time="0.002" />
    <testcase name="NinjaOne - Help Content.Function Get-NinjaOneComputerSystems.contains a description" status="Passed" classname="R:\Development\NinjaOne\Tests\NinjaOne.Help.Tests.ps1" assertions="0" time="0.003" />
    <testcase name="NinjaOne - Help Content.Function Get-NinjaOneComputerSystems.contains a functionality" status="Passed" classname="R:\Development\NinjaOne\Tests\NinjaOne.Help.Tests.ps1" assertions="0" time="0.002" />
    <testcase name="NinjaOne - Help Content.Function Get-NinjaOneComputerSystems.has at least one usage example" status="Passed" classname="R:\Development\NinjaOne\Tests\NinjaOne.Help.Tests.ps1" assertions="0" time="0.007" />
    <testcase name="NinjaOne - Help Content.Function Get-NinjaOneComputerSystems.has a title for each example" status="Passed" classname="R:\Development\NinjaOne\Tests\NinjaOne.Help.Tests.ps1" assertions="0" time="0.002" />
    <testcase name="NinjaOne - Help Content.Function Get-NinjaOneComputerSystems.has a title for each example" status="Passed" classname="R:\Development\NinjaOne\Tests\NinjaOne.Help.Tests.ps1" assertions="0" time="0.002" />
    <testcase name="NinjaOne - Help Content.Function Get-NinjaOneComputerSystems.has a title for each example" status="Passed" classname="R:\Development\NinjaOne\Tests\NinjaOne.Help.Tests.ps1" assertions="0" time="0.002" />
    <testcase name="NinjaOne - Help Content.Function Get-NinjaOneComputerSystems.has a description for each example" status="Passed" classname="R:\Development\NinjaOne\Tests\NinjaOne.Help.Tests.ps1" assertions="0" time="0.002" />
    <testcase name="NinjaOne - Help Content.Function Get-NinjaOneComputerSystems.has a description for each example" status="Passed" classname="R:\Development\NinjaOne\Tests\NinjaOne.Help.Tests.ps1" assertions="0" time="0.002" />
    <testcase name="NinjaOne - Help Content.Function Get-NinjaOneComputerSystems.has a description for each example" status="Passed" classname="R:\Development\NinjaOne\Tests\NinjaOne.Help.Tests.ps1" assertions="0" time="0.002" />
    <testcase name="NinjaOne - Help Content.Function Get-NinjaOneContacts.has help content" status="Passed" classname="R:\Development\NinjaOne\Tests\NinjaOne.Help.Tests.ps1" assertions="0" time="0.003" />
    <testcase name="NinjaOne - Help Content.Function Get-NinjaOneContacts.contains a synopsis" status="Passed" classname="R:\Development\NinjaOne\Tests\NinjaOne.Help.Tests.ps1" assertions="0" time="0.002" />
    <testcase name="NinjaOne - Help Content.Function Get-NinjaOneContacts.contains a description" status="Passed" classname="R:\Development\NinjaOne\Tests\NinjaOne.Help.Tests.ps1" assertions="0" time="0.002" />
    <testcase name="NinjaOne - Help Content.Function Get-NinjaOneContacts.contains a functionality" status="Passed" classname="R:\Development\NinjaOne\Tests\NinjaOne.Help.Tests.ps1" assertions="0" time="0.002" />
    <testcase name="NinjaOne - Help Content.Function Get-NinjaOneContacts.has at least one usage example" status="Passed" classname="R:\Development\NinjaOne\Tests\NinjaOne.Help.Tests.ps1" assertions="0" time="0.004" />
    <testcase name="NinjaOne - Help Content.Function Get-NinjaOneContacts.has a title for each example" status="Passed" classname="R:\Development\NinjaOne\Tests\NinjaOne.Help.Tests.ps1" assertions="0" time="0.002" />
    <testcase name="NinjaOne - Help Content.Function Get-NinjaOneContacts.has a description for each example" status="Passed" classname="R:\Development\NinjaOne\Tests\NinjaOne.Help.Tests.ps1" assertions="0" time="0.002" />
    <testcase name="NinjaOne - Help Content.Function Get-NinjaOneCustomFields.has help content" status="Passed" classname="R:\Development\NinjaOne\Tests\NinjaOne.Help.Tests.ps1" assertions="0" time="0.003" />
    <testcase name="NinjaOne - Help Content.Function Get-NinjaOneCustomFields.contains a synopsis" status="Passed" classname="R:\Development\NinjaOne\Tests\NinjaOne.Help.Tests.ps1" assertions="0" time="0.002" />
    <testcase name="NinjaOne - Help Content.Function Get-NinjaOneCustomFields.contains a description" status="Passed" classname="R:\Development\NinjaOne\Tests\NinjaOne.Help.Tests.ps1" assertions="0" time="0.002" />
    <testcase name="NinjaOne - Help Content.Function Get-NinjaOneCustomFields.contains a functionality" status="Passed" classname="R:\Development\NinjaOne\Tests\NinjaOne.Help.Tests.ps1" assertions="0" time="0.002" />
    <testcase name="NinjaOne - Help Content.Function Get-NinjaOneCustomFields.has at least one usage example" status="Passed" classname="R:\Development\NinjaOne\Tests\NinjaOne.Help.Tests.ps1" assertions="0" time="0.003" />
    <testcase name="NinjaOne - Help Content.Function Get-NinjaOneCustomFields.has a title for each example" status="Passed" classname="R:\Development\NinjaOne\Tests\NinjaOne.Help.Tests.ps1" assertions="0" time="0.002" />
    <testcase name="NinjaOne - Help Content.Function Get-NinjaOneCustomFields.has a title for each example" status="Passed" classname="R:\Development\NinjaOne\Tests\NinjaOne.Help.Tests.ps1" assertions="0" time="0.005" />
    <testcase name="NinjaOne - Help Content.Function Get-NinjaOneCustomFields.has a title for each example" status="Passed" classname="R:\Development\NinjaOne\Tests\NinjaOne.Help.Tests.ps1" assertions="0" time="0.002" />
    <testcase name="NinjaOne - Help Content.Function Get-NinjaOneCustomFields.has a title for each example" status="Passed" classname="R:\Development\NinjaOne\Tests\NinjaOne.Help.Tests.ps1" assertions="0" time="0.002" />
    <testcase name="NinjaOne - Help Content.Function Get-NinjaOneCustomFields.has a title for each example" status="Passed" classname="R:\Development\NinjaOne\Tests\NinjaOne.Help.Tests.ps1" assertions="0" time="0.002" />
    <testcase name="NinjaOne - Help Content.Function Get-NinjaOneCustomFields.has a title for each example" status="Passed" classname="R:\Development\NinjaOne\Tests\NinjaOne.Help.Tests.ps1" assertions="0" time="0.002" />
    <testcase name="NinjaOne - Help Content.Function Get-NinjaOneCustomFields.has a description for each example" status="Passed" classname="R:\Development\NinjaOne\Tests\NinjaOne.Help.Tests.ps1" assertions="0" time="0.002" />
    <testcase name="NinjaOne - Help Content.Function Get-NinjaOneCustomFields.has a description for each example" status="Passed" classname="R:\Development\NinjaOne\Tests\NinjaOne.Help.Tests.ps1" assertions="0" time="0.002" />
    <testcase name="NinjaOne - Help Content.Function Get-NinjaOneCustomFields.has a description for each example" status="Passed" classname="R:\Development\NinjaOne\Tests\NinjaOne.Help.Tests.ps1" assertions="0" time="0.002" />
    <testcase name="NinjaOne - Help Content.Function Get-NinjaOneCustomFields.has a description for each example" status="Passed" classname="R:\Development\NinjaOne\Tests\NinjaOne.Help.Tests.ps1" assertions="0" time="0.002" />
    <testcase name="NinjaOne - Help Content.Function Get-NinjaOneCustomFields.has a description for each example" status="Passed" classname="R:\Development\NinjaOne\Tests\NinjaOne.Help.Tests.ps1" assertions="0" time="0.002" />
    <testcase name="NinjaOne - Help Content.Function Get-NinjaOneCustomFields.has a description for each example" status="Passed" classname="R:\Development\NinjaOne\Tests\NinjaOne.Help.Tests.ps1" assertions="0" time="0.003" />
    <testcase name="NinjaOne - Help Content.Function Get-NinjaOneDeviceCustomFields.has help content" status="Passed" classname="R:\Development\NinjaOne\Tests\NinjaOne.Help.Tests.ps1" assertions="0" time="0.003" />
    <testcase name="NinjaOne - Help Content.Function Get-NinjaOneDeviceCustomFields.contains a synopsis" status="Passed" classname="R:\Development\NinjaOne\Tests\NinjaOne.Help.Tests.ps1" assertions="0" time="0.002" />
    <testcase name="NinjaOne - Help Content.Function Get-NinjaOneDeviceCustomFields.contains a description" status="Passed" classname="R:\Development\NinjaOne\Tests\NinjaOne.Help.Tests.ps1" assertions="0" time="0.003" />
    <testcase name="NinjaOne - Help Content.Function Get-NinjaOneDeviceCustomFields.contains a functionality" status="Passed" classname="R:\Development\NinjaOne\Tests\NinjaOne.Help.Tests.ps1" assertions="0" time="0.002" />
    <testcase name="NinjaOne - Help Content.Function Get-NinjaOneDeviceCustomFields.has at least one usage example" status="Passed" classname="R:\Development\NinjaOne\Tests\NinjaOne.Help.Tests.ps1" assertions="0" time="0.003" />
    <testcase name="NinjaOne - Help Content.Function Get-NinjaOneDeviceCustomFields.has a title for each example" status="Passed" classname="R:\Development\NinjaOne\Tests\NinjaOne.Help.Tests.ps1" assertions="0" time="0.002" />
    <testcase name="NinjaOne - Help Content.Function Get-NinjaOneDeviceCustomFields.has a title for each example" status="Passed" classname="R:\Development\NinjaOne\Tests\NinjaOne.Help.Tests.ps1" assertions="0" time="0.002" />
    <testcase name="NinjaOne - Help Content.Function Get-NinjaOneDeviceCustomFields.has a title for each example" status="Passed" classname="R:\Development\NinjaOne\Tests\NinjaOne.Help.Tests.ps1" assertions="0" time="0.002" />
    <testcase name="NinjaOne - Help Content.Function Get-NinjaOneDeviceCustomFields.has a title for each example" status="Passed" classname="R:\Development\NinjaOne\Tests\NinjaOne.Help.Tests.ps1" assertions="0" time="0.002" />
    <testcase name="NinjaOne - Help Content.Function Get-NinjaOneDeviceCustomFields.has a description for each example" status="Passed" classname="R:\Development\NinjaOne\Tests\NinjaOne.Help.Tests.ps1" assertions="0" time="0.002" />
    <testcase name="NinjaOne - Help Content.Function Get-NinjaOneDeviceCustomFields.has a description for each example" status="Passed" classname="R:\Development\NinjaOne\Tests\NinjaOne.Help.Tests.ps1" assertions="0" time="0.002" />
    <testcase name="NinjaOne - Help Content.Function Get-NinjaOneDeviceCustomFields.has a description for each example" status="Passed" classname="R:\Development\NinjaOne\Tests\NinjaOne.Help.Tests.ps1" assertions="0" time="0.005" />
    <testcase name="NinjaOne - Help Content.Function Get-NinjaOneDeviceCustomFields.has a description for each example" status="Passed" classname="R:\Development\NinjaOne\Tests\NinjaOne.Help.Tests.ps1" assertions="0" time="0.002" />
    <testcase name="NinjaOne - Help Content.Function Get-NinjaOneDeviceDashboardURL.has help content" status="Passed" classname="R:\Development\NinjaOne\Tests\NinjaOne.Help.Tests.ps1" assertions="0" time="0.003" />
    <testcase name="NinjaOne - Help Content.Function Get-NinjaOneDeviceDashboardURL.contains a synopsis" status="Passed" classname="R:\Development\NinjaOne\Tests\NinjaOne.Help.Tests.ps1" assertions="0" time="0.002" />
    <testcase name="NinjaOne - Help Content.Function Get-NinjaOneDeviceDashboardURL.contains a description" status="Passed" classname="R:\Development\NinjaOne\Tests\NinjaOne.Help.Tests.ps1" assertions="0" time="0.002" />
    <testcase name="NinjaOne - Help Content.Function Get-NinjaOneDeviceDashboardURL.contains a functionality" status="Passed" classname="R:\Development\NinjaOne\Tests\NinjaOne.Help.Tests.ps1" assertions="0" time="0.002" />
    <testcase name="NinjaOne - Help Content.Function Get-NinjaOneDeviceDashboardURL.has at least one usage example" status="Passed" classname="R:\Development\NinjaOne\Tests\NinjaOne.Help.Tests.ps1" assertions="0" time="0.003" />
    <testcase name="NinjaOne - Help Content.Function Get-NinjaOneDeviceDashboardURL.has a title for each example" status="Passed" classname="R:\Development\NinjaOne\Tests\NinjaOne.Help.Tests.ps1" assertions="0" time="0.002" />
    <testcase name="NinjaOne - Help Content.Function Get-NinjaOneDeviceDashboardURL.has a description for each example" status="Passed" classname="R:\Development\NinjaOne\Tests\NinjaOne.Help.Tests.ps1" assertions="0" time="0.002" />
    <testcase name="NinjaOne - Help Content.Function Get-NinjaOneDeviceDisks.has help content" status="Passed" classname="R:\Development\NinjaOne\Tests\NinjaOne.Help.Tests.ps1" assertions="0" time="0.003" />
    <testcase name="NinjaOne - Help Content.Function Get-NinjaOneDeviceDisks.contains a synopsis" status="Passed" classname="R:\Development\NinjaOne\Tests\NinjaOne.Help.Tests.ps1" assertions="0" time="0.002" />
    <testcase name="NinjaOne - Help Content.Function Get-NinjaOneDeviceDisks.contains a description" status="Passed" classname="R:\Development\NinjaOne\Tests\NinjaOne.Help.Tests.ps1" assertions="0" time="0.002" />
    <testcase name="NinjaOne - Help Content.Function Get-NinjaOneDeviceDisks.contains a functionality" status="Passed" classname="R:\Development\NinjaOne\Tests\NinjaOne.Help.Tests.ps1" assertions="0" time="0.003" />
    <testcase name="NinjaOne - Help Content.Function Get-NinjaOneDeviceDisks.has at least one usage example" status="Passed" classname="R:\Development\NinjaOne\Tests\NinjaOne.Help.Tests.ps1" assertions="0" time="0.003" />
    <testcase name="NinjaOne - Help Content.Function Get-NinjaOneDeviceDisks.has a title for each example" status="Passed" classname="R:\Development\NinjaOne\Tests\NinjaOne.Help.Tests.ps1" assertions="0" time="0.002" />
    <testcase name="NinjaOne - Help Content.Function Get-NinjaOneDeviceDisks.has a description for each example" status="Passed" classname="R:\Development\NinjaOne\Tests\NinjaOne.Help.Tests.ps1" assertions="0" time="0.003" />
    <testcase name="NinjaOne - Help Content.Function Get-NinjaOneDeviceHealth.has help content" status="Passed" classname="R:\Development\NinjaOne\Tests\NinjaOne.Help.Tests.ps1" assertions="0" time="0.003" />
    <testcase name="NinjaOne - Help Content.Function Get-NinjaOneDeviceHealth.contains a synopsis" status="Passed" classname="R:\Development\NinjaOne\Tests\NinjaOne.Help.Tests.ps1" assertions="0" time="0.002" />
    <testcase name="NinjaOne - Help Content.Function Get-NinjaOneDeviceHealth.contains a description" status="Passed" classname="R:\Development\NinjaOne\Tests\NinjaOne.Help.Tests.ps1" assertions="0" time="0.007" />
    <testcase name="NinjaOne - Help Content.Function Get-NinjaOneDeviceHealth.contains a functionality" status="Passed" classname="R:\Development\NinjaOne\Tests\NinjaOne.Help.Tests.ps1" assertions="0" time="0.002" />
    <testcase name="NinjaOne - Help Content.Function Get-NinjaOneDeviceHealth.has at least one usage example" status="Passed" classname="R:\Development\NinjaOne\Tests\NinjaOne.Help.Tests.ps1" assertions="0" time="0.003" />
    <testcase name="NinjaOne - Help Content.Function Get-NinjaOneDeviceHealth.has a title for each example" status="Passed" classname="R:\Development\NinjaOne\Tests\NinjaOne.Help.Tests.ps1" assertions="0" time="0.002" />
    <testcase name="NinjaOne - Help Content.Function Get-NinjaOneDeviceHealth.has a title for each example" status="Passed" classname="R:\Development\NinjaOne\Tests\NinjaOne.Help.Tests.ps1" assertions="0" time="0.002" />
    <testcase name="NinjaOne - Help Content.Function Get-NinjaOneDeviceHealth.has a title for each example" status="Passed" classname="R:\Development\NinjaOne\Tests\NinjaOne.Help.Tests.ps1" assertions="0" time="0.003" />
    <testcase name="NinjaOne - Help Content.Function Get-NinjaOneDeviceHealth.has a description for each example" status="Passed" classname="R:\Development\NinjaOne\Tests\NinjaOne.Help.Tests.ps1" assertions="0" time="0.002" />
    <testcase name="NinjaOne - Help Content.Function Get-NinjaOneDeviceHealth.has a description for each example" status="Passed" classname="R:\Development\NinjaOne\Tests\NinjaOne.Help.Tests.ps1" assertions="0" time="0.002" />
    <testcase name="NinjaOne - Help Content.Function Get-NinjaOneDeviceHealth.has a description for each example" status="Passed" classname="R:\Development\NinjaOne\Tests\NinjaOne.Help.Tests.ps1" assertions="0" time="0.002" />
    <testcase name="NinjaOne - Help Content.Function Get-NinjaOneDeviceLastLoggedOnUser.has help content" status="Passed" classname="R:\Development\NinjaOne\Tests\NinjaOne.Help.Tests.ps1" assertions="0" time="0.003" />
    <testcase name="NinjaOne - Help Content.Function Get-NinjaOneDeviceLastLoggedOnUser.contains a synopsis" status="Passed" classname="R:\Development\NinjaOne\Tests\NinjaOne.Help.Tests.ps1" assertions="0" time="0.002" />
    <testcase name="NinjaOne - Help Content.Function Get-NinjaOneDeviceLastLoggedOnUser.contains a description" status="Passed" classname="R:\Development\NinjaOne\Tests\NinjaOne.Help.Tests.ps1" assertions="0" time="0.002" />
    <testcase name="NinjaOne - Help Content.Function Get-NinjaOneDeviceLastLoggedOnUser.contains a functionality" status="Passed" classname="R:\Development\NinjaOne\Tests\NinjaOne.Help.Tests.ps1" assertions="0" time="0.002" />
    <testcase name="NinjaOne - Help Content.Function Get-NinjaOneDeviceLastLoggedOnUser.has at least one usage example" status="Passed" classname="R:\Development\NinjaOne\Tests\NinjaOne.Help.Tests.ps1" assertions="0" time="0.004" />
    <testcase name="NinjaOne - Help Content.Function Get-NinjaOneDeviceLastLoggedOnUser.has a title for each example" status="Passed" classname="R:\Development\NinjaOne\Tests\NinjaOne.Help.Tests.ps1" assertions="0" time="0.002" />
    <testcase name="NinjaOne - Help Content.Function Get-NinjaOneDeviceLastLoggedOnUser.has a description for each example" status="Passed" classname="R:\Development\NinjaOne\Tests\NinjaOne.Help.Tests.ps1" assertions="0" time="0.002" />
    <testcase name="NinjaOne - Help Content.Function Get-NinjaOneDeviceNetworkInterfaces.has help content" status="Passed" classname="R:\Development\NinjaOne\Tests\NinjaOne.Help.Tests.ps1" assertions="0" time="0.003" />
    <testcase name="NinjaOne - Help Content.Function Get-NinjaOneDeviceNetworkInterfaces.contains a synopsis" status="Passed" classname="R:\Development\NinjaOne\Tests\NinjaOne.Help.Tests.ps1" assertions="0" time="0.002" />
    <testcase name="NinjaOne - Help Content.Function Get-NinjaOneDeviceNetworkInterfaces.contains a description" status="Passed" classname="R:\Development\NinjaOne\Tests\NinjaOne.Help.Tests.ps1" assertions="0" time="0.003" />
    <testcase name="NinjaOne - Help Content.Function Get-NinjaOneDeviceNetworkInterfaces.contains a functionality" status="Passed" classname="R:\Development\NinjaOne\Tests\NinjaOne.Help.Tests.ps1" assertions="0" time="0.005" />
    <testcase name="NinjaOne - Help Content.Function Get-NinjaOneDeviceNetworkInterfaces.has at least one usage example" status="Passed" classname="R:\Development\NinjaOne\Tests\NinjaOne.Help.Tests.ps1" assertions="0" time="0.004" />
    <testcase name="NinjaOne - Help Content.Function Get-NinjaOneDeviceNetworkInterfaces.has a title for each example" status="Passed" classname="R:\Development\NinjaOne\Tests\NinjaOne.Help.Tests.ps1" assertions="0" time="0.002" />
    <testcase name="NinjaOne - Help Content.Function Get-NinjaOneDeviceNetworkInterfaces.has a description for each example" status="Passed" classname="R:\Development\NinjaOne\Tests\NinjaOne.Help.Tests.ps1" assertions="0" time="0.002" />
    <testcase name="NinjaOne - Help Content.Function Get-NinjaOneDeviceOSPatches.has help content" status="Passed" classname="R:\Development\NinjaOne\Tests\NinjaOne.Help.Tests.ps1" assertions="0" time="0.003" />
    <testcase name="NinjaOne - Help Content.Function Get-NinjaOneDeviceOSPatches.contains a synopsis" status="Passed" classname="R:\Development\NinjaOne\Tests\NinjaOne.Help.Tests.ps1" assertions="0" time="0.002" />
    <testcase name="NinjaOne - Help Content.Function Get-NinjaOneDeviceOSPatches.contains a description" status="Passed" classname="R:\Development\NinjaOne\Tests\NinjaOne.Help.Tests.ps1" assertions="0" time="0.002" />
    <testcase name="NinjaOne - Help Content.Function Get-NinjaOneDeviceOSPatches.contains a functionality" status="Passed" classname="R:\Development\NinjaOne\Tests\NinjaOne.Help.Tests.ps1" assertions="0" time="0.002" />
    <testcase name="NinjaOne - Help Content.Function Get-NinjaOneDeviceOSPatches.has at least one usage example" status="Passed" classname="R:\Development\NinjaOne\Tests\NinjaOne.Help.Tests.ps1" assertions="0" time="0.004" />
    <testcase name="NinjaOne - Help Content.Function Get-NinjaOneDeviceOSPatches.has a title for each example" status="Passed" classname="R:\Development\NinjaOne\Tests\NinjaOne.Help.Tests.ps1" assertions="0" time="0.002" />
    <testcase name="NinjaOne - Help Content.Function Get-NinjaOneDeviceOSPatches.has a title for each example" status="Passed" classname="R:\Development\NinjaOne\Tests\NinjaOne.Help.Tests.ps1" assertions="0" time="0.002" />
    <testcase name="NinjaOne - Help Content.Function Get-NinjaOneDeviceOSPatches.has a description for each example" status="Passed" classname="R:\Development\NinjaOne\Tests\NinjaOne.Help.Tests.ps1" assertions="0" time="0.002" />
    <testcase name="NinjaOne - Help Content.Function Get-NinjaOneDeviceOSPatches.has a description for each example" status="Passed" classname="R:\Development\NinjaOne\Tests\NinjaOne.Help.Tests.ps1" assertions="0" time="0.002" />
    <testcase name="NinjaOne - Help Content.Function Get-NinjaOneDeviceOSPatchInstalls.has help content" status="Passed" classname="R:\Development\NinjaOne\Tests\NinjaOne.Help.Tests.ps1" assertions="0" time="0.003" />
    <testcase name="NinjaOne - Help Content.Function Get-NinjaOneDeviceOSPatchInstalls.contains a synopsis" status="Passed" classname="R:\Development\NinjaOne\Tests\NinjaOne.Help.Tests.ps1" assertions="0" time="0.002" />
    <testcase name="NinjaOne - Help Content.Function Get-NinjaOneDeviceOSPatchInstalls.contains a description" status="Passed" classname="R:\Development\NinjaOne\Tests\NinjaOne.Help.Tests.ps1" assertions="0" time="0.002" />
    <testcase name="NinjaOne - Help Content.Function Get-NinjaOneDeviceOSPatchInstalls.contains a functionality" status="Passed" classname="R:\Development\NinjaOne\Tests\NinjaOne.Help.Tests.ps1" assertions="0" time="0.002" />
    <testcase name="NinjaOne - Help Content.Function Get-NinjaOneDeviceOSPatchInstalls.has at least one usage example" status="Passed" classname="R:\Development\NinjaOne\Tests\NinjaOne.Help.Tests.ps1" assertions="0" time="0.003" />
    <testcase name="NinjaOne - Help Content.Function Get-NinjaOneDeviceOSPatchInstalls.has a title for each example" status="Passed" classname="R:\Development\NinjaOne\Tests\NinjaOne.Help.Tests.ps1" assertions="0" time="0.002" />
    <testcase name="NinjaOne - Help Content.Function Get-NinjaOneDeviceOSPatchInstalls.has a title for each example" status="Passed" classname="R:\Development\NinjaOne\Tests\NinjaOne.Help.Tests.ps1" assertions="0" time="0.002" />
    <testcase name="NinjaOne - Help Content.Function Get-NinjaOneDeviceOSPatchInstalls.has a description for each example" status="Passed" classname="R:\Development\NinjaOne\Tests\NinjaOne.Help.Tests.ps1" assertions="0" time="0.006" />
    <testcase name="NinjaOne - Help Content.Function Get-NinjaOneDeviceOSPatchInstalls.has a description for each example" status="Passed" classname="R:\Development\NinjaOne\Tests\NinjaOne.Help.Tests.ps1" assertions="0" time="0.002" />
    <testcase name="NinjaOne - Help Content.Function Get-NinjaOneDevicePolicyOverrides.has help content" status="Passed" classname="R:\Development\NinjaOne\Tests\NinjaOne.Help.Tests.ps1" assertions="0" time="0.003" />
    <testcase name="NinjaOne - Help Content.Function Get-NinjaOneDevicePolicyOverrides.contains a synopsis" status="Passed" classname="R:\Development\NinjaOne\Tests\NinjaOne.Help.Tests.ps1" assertions="0" time="0.003" />
    <testcase name="NinjaOne - Help Content.Function Get-NinjaOneDevicePolicyOverrides.contains a description" status="Passed" classname="R:\Development\NinjaOne\Tests\NinjaOne.Help.Tests.ps1" assertions="0" time="0.002" />
    <testcase name="NinjaOne - Help Content.Function Get-NinjaOneDevicePolicyOverrides.contains a functionality" status="Passed" classname="R:\Development\NinjaOne\Tests\NinjaOne.Help.Tests.ps1" assertions="0" time="0.002" />
    <testcase name="NinjaOne - Help Content.Function Get-NinjaOneDevicePolicyOverrides.has at least one usage example" status="Passed" classname="R:\Development\NinjaOne\Tests\NinjaOne.Help.Tests.ps1" assertions="0" time="0.003" />
    <testcase name="NinjaOne - Help Content.Function Get-NinjaOneDevicePolicyOverrides.has a title for each example" status="Passed" classname="R:\Development\NinjaOne\Tests\NinjaOne.Help.Tests.ps1" assertions="0" time="0.002" />
    <testcase name="NinjaOne - Help Content.Function Get-NinjaOneDevicePolicyOverrides.has a description for each example" status="Passed" classname="R:\Development\NinjaOne\Tests\NinjaOne.Help.Tests.ps1" assertions="0" time="0.002" />
    <testcase name="NinjaOne - Help Content.Function Get-NinjaOneDeviceProcessors.has help content" status="Passed" classname="R:\Development\NinjaOne\Tests\NinjaOne.Help.Tests.ps1" assertions="0" time="0.003" />
    <testcase name="NinjaOne - Help Content.Function Get-NinjaOneDeviceProcessors.contains a synopsis" status="Passed" classname="R:\Development\NinjaOne\Tests\NinjaOne.Help.Tests.ps1" assertions="0" time="0.002" />
    <testcase name="NinjaOne - Help Content.Function Get-NinjaOneDeviceProcessors.contains a description" status="Passed" classname="R:\Development\NinjaOne\Tests\NinjaOne.Help.Tests.ps1" assertions="0" time="0.002" />
    <testcase name="NinjaOne - Help Content.Function Get-NinjaOneDeviceProcessors.contains a functionality" status="Passed" classname="R:\Development\NinjaOne\Tests\NinjaOne.Help.Tests.ps1" assertions="0" time="0.002" />
    <testcase name="NinjaOne - Help Content.Function Get-NinjaOneDeviceProcessors.has at least one usage example" status="Passed" classname="R:\Development\NinjaOne\Tests\NinjaOne.Help.Tests.ps1" assertions="0" time="0.003" />
    <testcase name="NinjaOne - Help Content.Function Get-NinjaOneDeviceProcessors.has a title for each example" status="Passed" classname="R:\Development\NinjaOne\Tests\NinjaOne.Help.Tests.ps1" assertions="0" time="0.002" />
    <testcase name="NinjaOne - Help Content.Function Get-NinjaOneDeviceProcessors.has a description for each example" status="Passed" classname="R:\Development\NinjaOne\Tests\NinjaOne.Help.Tests.ps1" assertions="0" time="0.002" />
    <testcase name="NinjaOne - Help Content.Function Get-NinjaOneDevices.has help content" status="Passed" classname="R:\Development\NinjaOne\Tests\NinjaOne.Help.Tests.ps1" assertions="0" time="0.003" />
    <testcase name="NinjaOne - Help Content.Function Get-NinjaOneDevices.contains a synopsis" status="Passed" classname="R:\Development\NinjaOne\Tests\NinjaOne.Help.Tests.ps1" assertions="0" time="0.002" />
    <testcase name="NinjaOne - Help Content.Function Get-NinjaOneDevices.contains a description" status="Passed" classname="R:\Development\NinjaOne\Tests\NinjaOne.Help.Tests.ps1" assertions="0" time="0.003" />
    <testcase name="NinjaOne - Help Content.Function Get-NinjaOneDevices.contains a functionality" status="Passed" classname="R:\Development\NinjaOne\Tests\NinjaOne.Help.Tests.ps1" assertions="0" time="0.003" />
    <testcase name="NinjaOne - Help Content.Function Get-NinjaOneDevices.has at least one usage example" status="Passed" classname="R:\Development\NinjaOne\Tests\NinjaOne.Help.Tests.ps1" assertions="0" time="0.003" />
    <testcase name="NinjaOne - Help Content.Function Get-NinjaOneDevices.has a title for each example" status="Passed" classname="R:\Development\NinjaOne\Tests\NinjaOne.Help.Tests.ps1" assertions="0" time="0.003" />
    <testcase name="NinjaOne - Help Content.Function Get-NinjaOneDevices.has a title for each example" status="Passed" classname="R:\Development\NinjaOne\Tests\NinjaOne.Help.Tests.ps1" assertions="0" time="0.002" />
    <testcase name="NinjaOne - Help Content.Function Get-NinjaOneDevices.has a title for each example" status="Passed" classname="R:\Development\NinjaOne\Tests\NinjaOne.Help.Tests.ps1" assertions="0" time="0.002" />
    <testcase name="NinjaOne - Help Content.Function Get-NinjaOneDevices.has a title for each example" status="Passed" classname="R:\Development\NinjaOne\Tests\NinjaOne.Help.Tests.ps1" assertions="0" time="0.003" />
    <testcase name="NinjaOne - Help Content.Function Get-NinjaOneDevices.has a title for each example" status="Passed" classname="R:\Development\NinjaOne\Tests\NinjaOne.Help.Tests.ps1" assertions="0" time="0.002" />
    <testcase name="NinjaOne - Help Content.Function Get-NinjaOneDevices.has a title for each example" status="Passed" classname="R:\Development\NinjaOne\Tests\NinjaOne.Help.Tests.ps1" assertions="0" time="0.002" />
    <testcase name="NinjaOne - Help Content.Function Get-NinjaOneDevices.has a description for each example" status="Passed" classname="R:\Development\NinjaOne\Tests\NinjaOne.Help.Tests.ps1" assertions="0" time="0.002" />
    <testcase name="NinjaOne - Help Content.Function Get-NinjaOneDevices.has a description for each example" status="Passed" classname="R:\Development\NinjaOne\Tests\NinjaOne.Help.Tests.ps1" assertions="0" time="0.002" />
    <testcase name="NinjaOne - Help Content.Function Get-NinjaOneDevices.has a description for each example" status="Passed" classname="R:\Development\NinjaOne\Tests\NinjaOne.Help.Tests.ps1" assertions="0" time="0.002" />
    <testcase name="NinjaOne - Help Content.Function Get-NinjaOneDevices.has a description for each example" status="Passed" classname="R:\Development\NinjaOne\Tests\NinjaOne.Help.Tests.ps1" assertions="0" time="0.002" />
    <testcase name="NinjaOne - Help Content.Function Get-NinjaOneDevices.has a description for each example" status="Passed" classname="R:\Development\NinjaOne\Tests\NinjaOne.Help.Tests.ps1" assertions="0" time="0.003" />
    <testcase name="NinjaOne - Help Content.Function Get-NinjaOneDevices.has a description for each example" status="Passed" classname="R:\Development\NinjaOne\Tests\NinjaOne.Help.Tests.ps1" assertions="0" time="0.002" />
    <testcase name="NinjaOne - Help Content.Function Get-NinjaOneDeviceScriptingOptions.has help content" status="Passed" classname="R:\Development\NinjaOne\Tests\NinjaOne.Help.Tests.ps1" assertions="0" time="0.003" />
    <testcase name="NinjaOne - Help Content.Function Get-NinjaOneDeviceScriptingOptions.contains a synopsis" status="Passed" classname="R:\Development\NinjaOne\Tests\NinjaOne.Help.Tests.ps1" assertions="0" time="0.003" />
    <testcase name="NinjaOne - Help Content.Function Get-NinjaOneDeviceScriptingOptions.contains a description" status="Passed" classname="R:\Development\NinjaOne\Tests\NinjaOne.Help.Tests.ps1" assertions="0" time="0.003" />
    <testcase name="NinjaOne - Help Content.Function Get-NinjaOneDeviceScriptingOptions.contains a functionality" status="Passed" classname="R:\Development\NinjaOne\Tests\NinjaOne.Help.Tests.ps1" assertions="0" time="0.002" />
    <testcase name="NinjaOne - Help Content.Function Get-NinjaOneDeviceScriptingOptions.has at least one usage example" status="Passed" classname="R:\Development\NinjaOne\Tests\NinjaOne.Help.Tests.ps1" assertions="0" time="0.003" />
    <testcase name="NinjaOne - Help Content.Function Get-NinjaOneDeviceScriptingOptions.has a title for each example" status="Passed" classname="R:\Development\NinjaOne\Tests\NinjaOne.Help.Tests.ps1" assertions="0" time="0.002" />
    <testcase name="NinjaOne - Help Content.Function Get-NinjaOneDeviceScriptingOptions.has a title for each example" status="Passed" classname="R:\Development\NinjaOne\Tests\NinjaOne.Help.Tests.ps1" assertions="0" time="0.002" />
    <testcase name="NinjaOne - Help Content.Function Get-NinjaOneDeviceScriptingOptions.has a title for each example" status="Passed" classname="R:\Development\NinjaOne\Tests\NinjaOne.Help.Tests.ps1" assertions="0" time="0.007" />
    <testcase name="NinjaOne - Help Content.Function Get-NinjaOneDeviceScriptingOptions.has a description for each example" status="Passed" classname="R:\Development\NinjaOne\Tests\NinjaOne.Help.Tests.ps1" assertions="0" time="0.020" />
    <testcase name="NinjaOne - Help Content.Function Get-NinjaOneDeviceScriptingOptions.has a description for each example" status="Passed" classname="R:\Development\NinjaOne\Tests\NinjaOne.Help.Tests.ps1" assertions="0" time="0.004" />
    <testcase name="NinjaOne - Help Content.Function Get-NinjaOneDeviceScriptingOptions.has a description for each example" status="Passed" classname="R:\Development\NinjaOne\Tests\NinjaOne.Help.Tests.ps1" assertions="0" time="0.013" />
    <testcase name="NinjaOne - Help Content.Function Get-NinjaOneDeviceSoftwarePatches.has help content" status="Passed" classname="R:\Development\NinjaOne\Tests\NinjaOne.Help.Tests.ps1" assertions="0" time="0.004" />
    <testcase name="NinjaOne - Help Content.Function Get-NinjaOneDeviceSoftwarePatches.contains a synopsis" status="Passed" classname="R:\Development\NinjaOne\Tests\NinjaOne.Help.Tests.ps1" assertions="0" time="0.003" />
    <testcase name="NinjaOne - Help Content.Function Get-NinjaOneDeviceSoftwarePatches.contains a description" status="Passed" classname="R:\Development\NinjaOne\Tests\NinjaOne.Help.Tests.ps1" assertions="0" time="0.003" />
    <testcase name="NinjaOne - Help Content.Function Get-NinjaOneDeviceSoftwarePatches.contains a functionality" status="Passed" classname="R:\Development\NinjaOne\Tests\NinjaOne.Help.Tests.ps1" assertions="0" time="0.002" />
    <testcase name="NinjaOne - Help Content.Function Get-NinjaOneDeviceSoftwarePatches.has at least one usage example" status="Passed" classname="R:\Development\NinjaOne\Tests\NinjaOne.Help.Tests.ps1" assertions="0" time="0.003" />
    <testcase name="NinjaOne - Help Content.Function Get-NinjaOneDeviceSoftwarePatches.has a title for each example" status="Passed" classname="R:\Development\NinjaOne\Tests\NinjaOne.Help.Tests.ps1" assertions="0" time="0.003" />
    <testcase name="NinjaOne - Help Content.Function Get-NinjaOneDeviceSoftwarePatches.has a title for each example" status="Passed" classname="R:\Development\NinjaOne\Tests\NinjaOne.Help.Tests.ps1" assertions="0" time="0.003" />
    <testcase name="NinjaOne - Help Content.Function Get-NinjaOneDeviceSoftwarePatches.has a description for each example" status="Passed" classname="R:\Development\NinjaOne\Tests\NinjaOne.Help.Tests.ps1" assertions="0" time="0.003" />
    <testcase name="NinjaOne - Help Content.Function Get-NinjaOneDeviceSoftwarePatches.has a description for each example" status="Passed" classname="R:\Development\NinjaOne\Tests\NinjaOne.Help.Tests.ps1" assertions="0" time="0.002" />
    <testcase name="NinjaOne - Help Content.Function Get-NinjaOneDeviceSoftwarePatchInstalls.has help content" status="Passed" classname="R:\Development\NinjaOne\Tests\NinjaOne.Help.Tests.ps1" assertions="0" time="0.003" />
    <testcase name="NinjaOne - Help Content.Function Get-NinjaOneDeviceSoftwarePatchInstalls.contains a synopsis" status="Passed" classname="R:\Development\NinjaOne\Tests\NinjaOne.Help.Tests.ps1" assertions="0" time="0.002" />
    <testcase name="NinjaOne - Help Content.Function Get-NinjaOneDeviceSoftwarePatchInstalls.contains a description" status="Passed" classname="R:\Development\NinjaOne\Tests\NinjaOne.Help.Tests.ps1" assertions="0" time="0.002" />
    <testcase name="NinjaOne - Help Content.Function Get-NinjaOneDeviceSoftwarePatchInstalls.contains a functionality" status="Passed" classname="R:\Development\NinjaOne\Tests\NinjaOne.Help.Tests.ps1" assertions="0" time="0.002" />
    <testcase name="NinjaOne - Help Content.Function Get-NinjaOneDeviceSoftwarePatchInstalls.has at least one usage example" status="Passed" classname="R:\Development\NinjaOne\Tests\NinjaOne.Help.Tests.ps1" assertions="0" time="0.003" />
    <testcase name="NinjaOne - Help Content.Function Get-NinjaOneDeviceSoftwarePatchInstalls.has a title for each example" status="Passed" classname="R:\Development\NinjaOne\Tests\NinjaOne.Help.Tests.ps1" assertions="0" time="0.002" />
    <testcase name="NinjaOne - Help Content.Function Get-NinjaOneDeviceSoftwarePatchInstalls.has a title for each example" status="Passed" classname="R:\Development\NinjaOne\Tests\NinjaOne.Help.Tests.ps1" assertions="0" time="0.002" />
    <testcase name="NinjaOne - Help Content.Function Get-NinjaOneDeviceSoftwarePatchInstalls.has a description for each example" status="Passed" classname="R:\Development\NinjaOne\Tests\NinjaOne.Help.Tests.ps1" assertions="0" time="0.008" />
    <testcase name="NinjaOne - Help Content.Function Get-NinjaOneDeviceSoftwarePatchInstalls.has a description for each example" status="Passed" classname="R:\Development\NinjaOne\Tests\NinjaOne.Help.Tests.ps1" assertions="0" time="0.002" />
    <testcase name="NinjaOne - Help Content.Function Get-NinjaOneDeviceVolumes.has help content" status="Passed" classname="R:\Development\NinjaOne\Tests\NinjaOne.Help.Tests.ps1" assertions="0" time="0.004" />
    <testcase name="NinjaOne - Help Content.Function Get-NinjaOneDeviceVolumes.contains a synopsis" status="Passed" classname="R:\Development\NinjaOne\Tests\NinjaOne.Help.Tests.ps1" assertions="0" time="0.003" />
    <testcase name="NinjaOne - Help Content.Function Get-NinjaOneDeviceVolumes.contains a description" status="Passed" classname="R:\Development\NinjaOne\Tests\NinjaOne.Help.Tests.ps1" assertions="0" time="0.003" />
    <testcase name="NinjaOne - Help Content.Function Get-NinjaOneDeviceVolumes.contains a functionality" status="Passed" classname="R:\Development\NinjaOne\Tests\NinjaOne.Help.Tests.ps1" assertions="0" time="0.002" />
    <testcase name="NinjaOne - Help Content.Function Get-NinjaOneDeviceVolumes.has at least one usage example" status="Passed" classname="R:\Development\NinjaOne\Tests\NinjaOne.Help.Tests.ps1" assertions="0" time="0.003" />
    <testcase name="NinjaOne - Help Content.Function Get-NinjaOneDeviceVolumes.has a title for each example" status="Passed" classname="R:\Development\NinjaOne\Tests\NinjaOne.Help.Tests.ps1" assertions="0" time="0.002" />
    <testcase name="NinjaOne - Help Content.Function Get-NinjaOneDeviceVolumes.has a title for each example" status="Passed" classname="R:\Development\NinjaOne\Tests\NinjaOne.Help.Tests.ps1" assertions="0" time="0.003" />
    <testcase name="NinjaOne - Help Content.Function Get-NinjaOneDeviceVolumes.has a description for each example" status="Passed" classname="R:\Development\NinjaOne\Tests\NinjaOne.Help.Tests.ps1" assertions="0" time="0.003" />
    <testcase name="NinjaOne - Help Content.Function Get-NinjaOneDeviceVolumes.has a description for each example" status="Passed" classname="R:\Development\NinjaOne\Tests\NinjaOne.Help.Tests.ps1" assertions="0" time="0.004" />
    <testcase name="NinjaOne - Help Content.Function Get-NinjaOneDeviceWindowsServices.has help content" status="Passed" classname="R:\Development\NinjaOne\Tests\NinjaOne.Help.Tests.ps1" assertions="0" time="0.003" />
    <testcase name="NinjaOne - Help Content.Function Get-NinjaOneDeviceWindowsServices.contains a synopsis" status="Passed" classname="R:\Development\NinjaOne\Tests\NinjaOne.Help.Tests.ps1" assertions="0" time="0.003" />
    <testcase name="NinjaOne - Help Content.Function Get-NinjaOneDeviceWindowsServices.contains a description" status="Passed" classname="R:\Development\NinjaOne\Tests\NinjaOne.Help.Tests.ps1" assertions="0" time="0.002" />
    <testcase name="NinjaOne - Help Content.Function Get-NinjaOneDeviceWindowsServices.contains a functionality" status="Passed" classname="R:\Development\NinjaOne\Tests\NinjaOne.Help.Tests.ps1" assertions="0" time="0.002" />
    <testcase name="NinjaOne - Help Content.Function Get-NinjaOneDeviceWindowsServices.has at least one usage example" status="Passed" classname="R:\Development\NinjaOne\Tests\NinjaOne.Help.Tests.ps1" assertions="0" time="0.003" />
    <testcase name="NinjaOne - Help Content.Function Get-NinjaOneDeviceWindowsServices.has a title for each example" status="Passed" classname="R:\Development\NinjaOne\Tests\NinjaOne.Help.Tests.ps1" assertions="0" time="0.003" />
    <testcase name="NinjaOne - Help Content.Function Get-NinjaOneDeviceWindowsServices.has a title for each example" status="Passed" classname="R:\Development\NinjaOne\Tests\NinjaOne.Help.Tests.ps1" assertions="0" time="0.002" />
    <testcase name="NinjaOne - Help Content.Function Get-NinjaOneDeviceWindowsServices.has a title for each example" status="Passed" classname="R:\Development\NinjaOne\Tests\NinjaOne.Help.Tests.ps1" assertions="0" time="0.002" />
    <testcase name="NinjaOne - Help Content.Function Get-NinjaOneDeviceWindowsServices.has a description for each example" status="Passed" classname="R:\Development\NinjaOne\Tests\NinjaOne.Help.Tests.ps1" assertions="0" time="0.002" />
    <testcase name="NinjaOne - Help Content.Function Get-NinjaOneDeviceWindowsServices.has a description for each example" status="Passed" classname="R:\Development\NinjaOne\Tests\NinjaOne.Help.Tests.ps1" assertions="0" time="0.006" />
    <testcase name="NinjaOne - Help Content.Function Get-NinjaOneDeviceWindowsServices.has a description for each example" status="Passed" classname="R:\Development\NinjaOne\Tests\NinjaOne.Help.Tests.ps1" assertions="0" time="0.003" />
    <testcase name="NinjaOne - Help Content.Function Get-NinjaOneDisks.has help content" status="Passed" classname="R:\Development\NinjaOne\Tests\NinjaOne.Help.Tests.ps1" assertions="0" time="0.004" />
    <testcase name="NinjaOne - Help Content.Function Get-NinjaOneDisks.contains a synopsis" status="Passed" classname="R:\Development\NinjaOne\Tests\NinjaOne.Help.Tests.ps1" assertions="0" time="0.002" />
    <testcase name="NinjaOne - Help Content.Function Get-NinjaOneDisks.contains a description" status="Passed" classname="R:\Development\NinjaOne\Tests\NinjaOne.Help.Tests.ps1" assertions="0" time="0.002" />
    <testcase name="NinjaOne - Help Content.Function Get-NinjaOneDisks.contains a functionality" status="Passed" classname="R:\Development\NinjaOne\Tests\NinjaOne.Help.Tests.ps1" assertions="0" time="0.003" />
    <testcase name="NinjaOne - Help Content.Function Get-NinjaOneDisks.has at least one usage example" status="Passed" classname="R:\Development\NinjaOne\Tests\NinjaOne.Help.Tests.ps1" assertions="0" time="0.003" />
    <testcase name="NinjaOne - Help Content.Function Get-NinjaOneDisks.has a title for each example" status="Passed" classname="R:\Development\NinjaOne\Tests\NinjaOne.Help.Tests.ps1" assertions="0" time="0.003" />
    <testcase name="NinjaOne - Help Content.Function Get-NinjaOneDisks.has a title for each example" status="Passed" classname="R:\Development\NinjaOne\Tests\NinjaOne.Help.Tests.ps1" assertions="0" time="0.004" />
    <testcase name="NinjaOne - Help Content.Function Get-NinjaOneDisks.has a title for each example" status="Passed" classname="R:\Development\NinjaOne\Tests\NinjaOne.Help.Tests.ps1" assertions="0" time="0.002" />
    <testcase name="NinjaOne - Help Content.Function Get-NinjaOneDisks.has a description for each example" status="Passed" classname="R:\Development\NinjaOne\Tests\NinjaOne.Help.Tests.ps1" assertions="0" time="0.002" />
    <testcase name="NinjaOne - Help Content.Function Get-NinjaOneDisks.has a description for each example" status="Passed" classname="R:\Development\NinjaOne\Tests\NinjaOne.Help.Tests.ps1" assertions="0" time="0.002" />
    <testcase name="NinjaOne - Help Content.Function Get-NinjaOneDisks.has a description for each example" status="Passed" classname="R:\Development\NinjaOne\Tests\NinjaOne.Help.Tests.ps1" assertions="0" time="0.002" />
    <testcase name="NinjaOne - Help Content.Function Get-NinjaOneDocumentTemplates.has help content" status="Passed" classname="R:\Development\NinjaOne\Tests\NinjaOne.Help.Tests.ps1" assertions="0" time="0.004" />
    <testcase name="NinjaOne - Help Content.Function Get-NinjaOneDocumentTemplates.contains a synopsis" status="Passed" classname="R:\Development\NinjaOne\Tests\NinjaOne.Help.Tests.ps1" assertions="0" time="0.003" />
    <testcase name="NinjaOne - Help Content.Function Get-NinjaOneDocumentTemplates.contains a description" status="Passed" classname="R:\Development\NinjaOne\Tests\NinjaOne.Help.Tests.ps1" assertions="0" time="0.002" />
[...]
    <testcase name="NinjaOne - Help Content.Function Set-NinjaOneDeviceMaintenance.contains a synopsis" status="Passed" classname="R:\Development\NinjaOne\Tests\NinjaOne.Help.Tests.ps1" assertions="0" time="0.002" />
    <testcase name="NinjaOne - Help Content.Function Set-NinjaOneDeviceMaintenance.contains a description" status="Passed" classname="R:\Development\NinjaOne\Tests\NinjaOne.Help.Tests.ps1" assertions="0" time="0.002" />
    <testcase name="NinjaOne - Help Content.Function Set-NinjaOneDeviceMaintenance.contains a functionality" status="Passed" classname="R:\Development\NinjaOne\Tests\NinjaOne.Help.Tests.ps1" assertions="0" time="0.003" />
    <testcase name="NinjaOne - Help Content.Function Set-NinjaOneDeviceMaintenance.has at least one usage example" status="Failed" classname="R:\Development\NinjaOne\Tests\NinjaOne.Help.Tests.ps1" assertions="0" time="0.009">
      <failure message="Expected 'Examples' to be found in collection @('description', 'parameters', 'details', 'returnValues', 'syntax', 'relatedLinks', 'xmlns:maml', 'xmlns:command', 'xmlns:dev', 'Name', ...6 more), because at least one example is required for each function., but it was not found.">at $_.PSObject.Properties.Name | Should -Contain -ExpectedValue 'Examples' -Because 'at least one example is required for each function.', R:\Development\NinjaOne\Tests\NinjaOne.Help.Tests.ps1:49
at &lt;ScriptBlock&gt;, R:\Development\NinjaOne\Tests\NinjaOne.Help.Tests.ps1:49</failure>
    </testcase>
    <testcase name="NinjaOne - Help Content.Function Set-NinjaOneDocumentTemplate.has help content" status="Passed" classname="R:\Development\NinjaOne\Tests\NinjaOne.Help.Tests.ps1" assertions="0" time="0.003" />
    <testcase name="NinjaOne - Help Content.Function Set-NinjaOneDocumentTemplate.contains a synopsis" status="Passed" classname="R:\Development\NinjaOne\Tests\NinjaOne.Help.Tests.ps1" assertions="0" time="0.002" />
    <testcase name="NinjaOne - Help Content.Function Set-NinjaOneDocumentTemplate.contains a description" status="Passed" classname="R:\Development\NinjaOne\Tests\NinjaOne.Help.Tests.ps1" assertions="0" time="0.002" />
    <testcase name="NinjaOne - Help Content.Function Set-NinjaOneDocumentTemplate.contains a functionality" status="Passed" classname="R:\Development\NinjaOne\Tests\NinjaOne.Help.Tests.ps1" assertions="0" time="0.002" />
    <testcase name="NinjaOne - Help Content.Function Set-NinjaOneDocumentTemplate.has at least one usage example" status="Failed" classname="R:\Development\NinjaOne\Tests\NinjaOne.Help.Tests.ps1" assertions="0" time="0.005">
      <failure message="Expected 'Examples' to be found in collection @('description', 'parameters', 'details', 'returnValues', 'syntax', 'relatedLinks', 'xmlns:maml', 'xmlns:command', 'xmlns:dev', 'Name', ...6 more), because at least one example is required for each function., but it was not found.">at $_.PSObject.Properties.Name | Should -Contain -ExpectedValue 'Examples' -Because 'at least one example is required for each function.', R:\Development\NinjaOne\Tests\NinjaOne.Help.Tests.ps1:49
at &lt;ScriptBlock&gt;, R:\Development\NinjaOne\Tests\NinjaOne.Help.Tests.ps1:49</failure>
    </testcase>
    <testcase name="NinjaOne - Help Content.Function Set-NinjaOneLocation.has help content" status="Passed" classname="R:\Development\NinjaOne\Tests\NinjaOne.Help.Tests.ps1" assertions="0" time="0.003" />
    <testcase name="NinjaOne - Help Content.Function Set-NinjaOneLocation.contains a synopsis" status="Passed" classname="R:\Development\NinjaOne\Tests\NinjaOne.Help.Tests.ps1" assertions="0" time="0.003" />
    <testcase name="NinjaOne - Help Content.Function Set-NinjaOneLocation.contains a description" status="Passed" classname="R:\Development\NinjaOne\Tests\NinjaOne.Help.Tests.ps1" assertions="0" time="0.003" />
    <testcase name="NinjaOne - Help Content.Function Set-NinjaOneLocation.contains a functionality" status="Passed" classname="R:\Development\NinjaOne\Tests\NinjaOne.Help.Tests.ps1" assertions="0" time="0.002" />
    <testcase name="NinjaOne - Help Content.Function Set-NinjaOneLocation.has at least one usage example" status="Failed" classname="R:\Development\NinjaOne\Tests\NinjaOne.Help.Tests.ps1" assertions="0" time="0.005">
      <failure message="Expected 'Examples' to be found in collection @('description', 'parameters', 'details', 'returnValues', 'syntax', 'relatedLinks', 'xmlns:maml', 'xmlns:command', 'xmlns:dev', 'Name', ...6 more), because at least one example is required for each function., but it was not found.">at $_.PSObject.Properties.Name | Should -Contain -ExpectedValue 'Examples' -Because 'at least one example is required for each function.', R:\Development\NinjaOne\Tests\NinjaOne.Help.Tests.ps1:49
at &lt;ScriptBlock&gt;, R:\Development\NinjaOne\Tests\NinjaOne.Help.Tests.ps1:49</failure>
    </testcase>
    <testcase name="NinjaOne - Help Content.Function Set-NinjaOneLocationCustomFields.has help content" status="Passed" classname="R:\Development\NinjaOne\Tests\NinjaOne.Help.Tests.ps1" assertions="0" time="0.004" />
    <testcase name="NinjaOne - Help Content.Function Set-NinjaOneLocationCustomFields.contains a synopsis" status="Passed" classname="R:\Development\NinjaOne\Tests\NinjaOne.Help.Tests.ps1" assertions="0" time="0.003" />
    <testcase name="NinjaOne - Help Content.Function Set-NinjaOneLocationCustomFields.contains a description" status="Passed" classname="R:\Development\NinjaOne\Tests\NinjaOne.Help.Tests.ps1" assertions="0" time="0.003" />
    <testcase name="NinjaOne - Help Content.Function Set-NinjaOneLocationCustomFields.contains a functionality" status="Passed" classname="R:\Development\NinjaOne\Tests\NinjaOne.Help.Tests.ps1" assertions="0" time="0.003" />
    <testcase name="NinjaOne - Help Content.Function Set-NinjaOneLocationCustomFields.has at least one usage example" status="Passed" classname="R:\Development\NinjaOne\Tests\NinjaOne.Help.Tests.ps1" assertions="0" time="0.008" />
    <testcase name="NinjaOne - Help Content.Function Set-NinjaOneLocationCustomFields.has a title for each example" status="Passed" classname="R:\Development\NinjaOne\Tests\NinjaOne.Help.Tests.ps1" assertions="0" time="0.002" />
    <testcase name="NinjaOne - Help Content.Function Set-NinjaOneLocationCustomFields.has a description for each example" status="Passed" classname="R:\Development\NinjaOne\Tests\NinjaOne.Help.Tests.ps1" assertions="0" time="0.003" />
    <testcase name="NinjaOne - Help Content.Function Set-NinjaOneOrganisation.has help content" status="Passed" classname="R:\Development\NinjaOne\Tests\NinjaOne.Help.Tests.ps1" assertions="0" time="0.003" />
    <testcase name="NinjaOne - Help Content.Function Set-NinjaOneOrganisation.contains a synopsis" status="Passed" classname="R:\Development\NinjaOne\Tests\NinjaOne.Help.Tests.ps1" assertions="0" time="0.002" />
    <testcase name="NinjaOne - Help Content.Function Set-NinjaOneOrganisation.contains a description" status="Passed" classname="R:\Development\NinjaOne\Tests\NinjaOne.Help.Tests.ps1" assertions="0" time="0.002" />
    <testcase name="NinjaOne - Help Content.Function Set-NinjaOneOrganisation.contains a functionality" status="Passed" classname="R:\Development\NinjaOne\Tests\NinjaOne.Help.Tests.ps1" assertions="0" time="0.002" />
    <testcase name="NinjaOne - Help Content.Function Set-NinjaOneOrganisation.has at least one usage example" status="Failed" classname="R:\Development\NinjaOne\Tests\NinjaOne.Help.Tests.ps1" assertions="0" time="0.005">
      <failure message="Expected 'Examples' to be found in collection @('description', 'parameters', 'details', 'returnValues', 'syntax', 'relatedLinks', 'xmlns:maml', 'xmlns:command', 'xmlns:dev', 'Name', ...6 more), because at least one example is required for each function., but it was not found.">at $_.PSObject.Properties.Name | Should -Contain -ExpectedValue 'Examples' -Because 'at least one example is required for each function.', R:\Development\NinjaOne\Tests\NinjaOne.Help.Tests.ps1:49
at &lt;ScriptBlock&gt;, R:\Development\NinjaOne\Tests\NinjaOne.Help.Tests.ps1:49</failure>
    </testcase>
    <testcase name="NinjaOne - Help Content.Function Set-NinjaOneOrganisationCustomFields.has help content" status="Passed" classname="R:\Development\NinjaOne\Tests\NinjaOne.Help.Tests.ps1" assertions="0" time="0.003" />
    <testcase name="NinjaOne - Help Content.Function Set-NinjaOneOrganisationCustomFields.contains a synopsis" status="Passed" classname="R:\Development\NinjaOne\Tests\NinjaOne.Help.Tests.ps1" assertions="0" time="0.002" />
    <testcase name="NinjaOne - Help Content.Function Set-NinjaOneOrganisationCustomFields.contains a description" status="Passed" classname="R:\Development\NinjaOne\Tests\NinjaOne.Help.Tests.ps1" assertions="0" time="0.002" />
    <testcase name="NinjaOne - Help Content.Function Set-NinjaOneOrganisationCustomFields.contains a functionality" status="Passed" classname="R:\Development\NinjaOne\Tests\NinjaOne.Help.Tests.ps1" assertions="0" time="0.002" />
    <testcase name="NinjaOne - Help Content.Function Set-NinjaOneOrganisationCustomFields.has at least one usage example" status="Passed" classname="R:\Development\NinjaOne\Tests\NinjaOne.Help.Tests.ps1" assertions="0" time="0.004" />
    <testcase name="NinjaOne - Help Content.Function Set-NinjaOneOrganisationCustomFields.has a title for each example" status="Passed" classname="R:\Development\NinjaOne\Tests\NinjaOne.Help.Tests.ps1" assertions="0" time="0.002" />
    <testcase name="NinjaOne - Help Content.Function Set-NinjaOneOrganisationCustomFields.has a description for each example" status="Passed" classname="R:\Development\NinjaOne\Tests\NinjaOne.Help.Tests.ps1" assertions="0" time="0.002" />
    <testcase name="NinjaOne - Help Content.Function Set-NinjaOneOrganisationDocument.has help content" status="Passed" classname="R:\Development\NinjaOne\Tests\NinjaOne.Help.Tests.ps1" assertions="0" time="0.003" />
    <testcase name="NinjaOne - Help Content.Function Set-NinjaOneOrganisationDocument.contains a synopsis" status="Passed" classname="R:\Development\NinjaOne\Tests\NinjaOne.Help.Tests.ps1" assertions="0" time="0.002" />
    <testcase name="NinjaOne - Help Content.Function Set-NinjaOneOrganisationDocument.contains a description" status="Passed" classname="R:\Development\NinjaOne\Tests\NinjaOne.Help.Tests.ps1" assertions="0" time="0.002" />
    <testcase name="NinjaOne - Help Content.Function Set-NinjaOneOrganisationDocument.contains a functionality" status="Passed" classname="R:\Development\NinjaOne\Tests\NinjaOne.Help.Tests.ps1" assertions="0" time="0.007" />
    <testcase name="NinjaOne - Help Content.Function Set-NinjaOneOrganisationDocument.has at least one usage example" status="Failed" classname="R:\Development\NinjaOne\Tests\NinjaOne.Help.Tests.ps1" assertions="0" time="0.005">
      <failure message="Expected 'Examples' to be found in collection @('description', 'parameters', 'details', 'returnValues', 'syntax', 'relatedLinks', 'xmlns:maml', 'xmlns:command', 'xmlns:dev', 'Name', ...6 more), because at least one example is required for each function., but it was not found.">at $_.PSObject.Properties.Name | Should -Contain -ExpectedValue 'Examples' -Because 'at least one example is required for each function.', R:\Development\NinjaOne\Tests\NinjaOne.Help.Tests.ps1:49
at &lt;ScriptBlock&gt;, R:\Development\NinjaOne\Tests\NinjaOne.Help.Tests.ps1:49</failure>
    </testcase>
    <testcase name="NinjaOne - Help Content.Function Set-NinjaOneOrganisationDocuments.has help content" status="Passed" classname="R:\Development\NinjaOne\Tests\NinjaOne.Help.Tests.ps1" assertions="0" time="0.003" />
    <testcase name="NinjaOne - Help Content.Function Set-NinjaOneOrganisationDocuments.contains a synopsis" status="Passed" classname="R:\Development\NinjaOne\Tests\NinjaOne.Help.Tests.ps1" assertions="0" time="0.002" />
    <testcase name="NinjaOne - Help Content.Function Set-NinjaOneOrganisationDocuments.contains a description" status="Passed" classname="R:\Development\NinjaOne\Tests\NinjaOne.Help.Tests.ps1" assertions="0" time="0.002" />
    <testcase name="NinjaOne - Help Content.Function Set-NinjaOneOrganisationDocuments.contains a functionality" status="Passed" classname="R:\Development\NinjaOne\Tests\NinjaOne.Help.Tests.ps1" assertions="0" time="0.002" />
    <testcase name="NinjaOne - Help Content.Function Set-NinjaOneOrganisationDocuments.has at least one usage example" status="Failed" classname="R:\Development\NinjaOne\Tests\NinjaOne.Help.Tests.ps1" assertions="0" time="0.005">
      <failure message="Expected 'Examples' to be found in collection @('description', 'parameters', 'details', 'returnValues', 'syntax', 'relatedLinks', 'xmlns:maml', 'xmlns:command', 'xmlns:dev', 'Name', ...6 more), because at least one example is required for each function., but it was not found.">at $_.PSObject.Properties.Name | Should -Contain -ExpectedValue 'Examples' -Because 'at least one example is required for each function.', R:\Development\NinjaOne\Tests\NinjaOne.Help.Tests.ps1:49
at &lt;ScriptBlock&gt;, R:\Development\NinjaOne\Tests\NinjaOne.Help.Tests.ps1:49</failure>
    </testcase>
    <testcase name="NinjaOne - Help Content.Function Set-NinjaOneOrganisationPolicies.has help content" status="Passed" classname="R:\Development\NinjaOne\Tests\NinjaOne.Help.Tests.ps1" assertions="0" time="0.003" />
    <testcase name="NinjaOne - Help Content.Function Set-NinjaOneOrganisationPolicies.contains a synopsis" status="Passed" classname="R:\Development\NinjaOne\Tests\NinjaOne.Help.Tests.ps1" assertions="0" time="0.002" />
    <testcase name="NinjaOne - Help Content.Function Set-NinjaOneOrganisationPolicies.contains a description" status="Passed" classname="R:\Development\NinjaOne\Tests\NinjaOne.Help.Tests.ps1" assertions="0" time="0.002" />
    <testcase name="NinjaOne - Help Content.Function Set-NinjaOneOrganisationPolicies.contains a functionality" status="Passed" classname="R:\Development\NinjaOne\Tests\NinjaOne.Help.Tests.ps1" assertions="0" time="0.002" />
    <testcase name="NinjaOne - Help Content.Function Set-NinjaOneOrganisationPolicies.has at least one usage example" status="Failed" classname="R:\Development\NinjaOne\Tests\NinjaOne.Help.Tests.ps1" assertions="0" time="0.005">
      <failure message="Expected 'Examples' to be found in collection @('description', 'parameters', 'details', 'returnValues', 'syntax', 'relatedLinks', 'xmlns:maml', 'xmlns:command', 'xmlns:dev', 'Name', ...6 more), because at least one example is required for each function., but it was not found.">at $_.PSObject.Properties.Name | Should -Contain -ExpectedValue 'Examples' -Because 'at least one example is required for each function.', R:\Development\NinjaOne\Tests\NinjaOne.Help.Tests.ps1:49
at &lt;ScriptBlock&gt;, R:\Development\NinjaOne\Tests\NinjaOne.Help.Tests.ps1:49</failure>
    </testcase>
    <testcase name="NinjaOne - Help Content.Function Set-NinjaOneTicket.has help content" status="Passed" classname="R:\Development\NinjaOne\Tests\NinjaOne.Help.Tests.ps1" assertions="0" time="0.003" />
    <testcase name="NinjaOne - Help Content.Function Set-NinjaOneTicket.contains a synopsis" status="Passed" classname="R:\Development\NinjaOne\Tests\NinjaOne.Help.Tests.ps1" assertions="0" time="0.002" />
    <testcase name="NinjaOne - Help Content.Function Set-NinjaOneTicket.contains a description" status="Passed" classname="R:\Development\NinjaOne\Tests\NinjaOne.Help.Tests.ps1" assertions="0" time="0.002" />
    <testcase name="NinjaOne - Help Content.Function Set-NinjaOneTicket.contains a functionality" status="Passed" classname="R:\Development\NinjaOne\Tests\NinjaOne.Help.Tests.ps1" assertions="0" time="0.005" />
    <testcase name="NinjaOne - Help Content.Function Set-NinjaOneTicket.has at least one usage example" status="Failed" classname="R:\Development\NinjaOne\Tests\NinjaOne.Help.Tests.ps1" assertions="0" time="0.009">
      <failure message="Expected 'Examples' to be found in collection @('description', 'parameters', 'details', 'returnValues', 'syntax', 'relatedLinks', 'xmlns:maml', 'xmlns:command', 'xmlns:dev', 'Name', ...6 more), because at least one example is required for each function., but it was not found.">at $_.PSObject.Properties.Name | Should -Contain -ExpectedValue 'Examples' -Because 'at least one example is required for each function.', R:\Development\NinjaOne\Tests\NinjaOne.Help.Tests.ps1:49
at &lt;ScriptBlock&gt;, R:\Development\NinjaOne\Tests\NinjaOne.Help.Tests.ps1:49</failure>
    </testcase>
    <testcase name="NinjaOne - Help Content.Function Set-NinjaOneWindowsServiceConfiguration.has help content" status="Passed" classname="R:\Development\NinjaOne\Tests\NinjaOne.Help.Tests.ps1" assertions="0" time="0.003" />
    <testcase name="NinjaOne - Help Content.Function Set-NinjaOneWindowsServiceConfiguration.contains a synopsis" status="Passed" classname="R:\Development\NinjaOne\Tests\NinjaOne.Help.Tests.ps1" assertions="0" time="0.003" />
    <testcase name="NinjaOne - Help Content.Function Set-NinjaOneWindowsServiceConfiguration.contains a description" status="Passed" classname="R:\Development\NinjaOne\Tests\NinjaOne.Help.Tests.ps1" assertions="0" time="0.003" />
    <testcase name="NinjaOne - Help Content.Function Set-NinjaOneWindowsServiceConfiguration.contains a functionality" status="Passed" classname="R:\Development\NinjaOne\Tests\NinjaOne.Help.Tests.ps1" assertions="0" time="0.002" />
    <testcase name="NinjaOne - Help Content.Function Set-NinjaOneWindowsServiceConfiguration.has at least one usage example" status="Passed" classname="R:\Development\NinjaOne\Tests\NinjaOne.Help.Tests.ps1" assertions="0" time="0.003" />
    <testcase name="NinjaOne - Help Content.Function Set-NinjaOneWindowsServiceConfiguration.has a title for each example" status="Passed" classname="R:\Development\NinjaOne\Tests\NinjaOne.Help.Tests.ps1" assertions="0" time="0.002" />
    <testcase name="NinjaOne - Help Content.Function Set-NinjaOneWindowsServiceConfiguration.has a description for each example" status="Passed" classname="R:\Development\NinjaOne\Tests\NinjaOne.Help.Tests.ps1" assertions="0" time="0.002" />
    <testcase name="NinjaOne - Help Content.Function Update-NinjaOneWebhook.has help content" status="Passed" classname="R:\Development\NinjaOne\Tests\NinjaOne.Help.Tests.ps1" assertions="0" time="0.003" />
    <testcase name="NinjaOne - Help Content.Function Update-NinjaOneWebhook.contains a synopsis" status="Passed" classname="R:\Development\NinjaOne\Tests\NinjaOne.Help.Tests.ps1" assertions="0" time="0.002" />
    <testcase name="NinjaOne - Help Content.Function Update-NinjaOneWebhook.contains a description" status="Passed" classname="R:\Development\NinjaOne\Tests\NinjaOne.Help.Tests.ps1" assertions="0" time="0.002" />
    <testcase name="NinjaOne - Help Content.Function Update-NinjaOneWebhook.contains a functionality" status="Passed" classname="R:\Development\NinjaOne\Tests\NinjaOne.Help.Tests.ps1" assertions="0" time="0.002" />
    <testcase name="NinjaOne - Help Content.Function Update-NinjaOneWebhook.has at least one usage example" status="Failed" classname="R:\Development\NinjaOne\Tests\NinjaOne.Help.Tests.ps1" assertions="0" time="0.005">
      <failure message="Expected 'Examples' to be found in collection @('details', 'syntax', 'returnValues', 'parameters', 'description', 'xmlns:maml', 'xmlns:command', 'xmlns:dev', 'Name', 'Category', ...5 more), because at least one example is required for each function., but it was not found.">at $_.PSObject.Properties.Name | Should -Contain -ExpectedValue 'Examples' -Because 'at least one example is required for each function.', R:\Development\NinjaOne\Tests\NinjaOne.Help.Tests.ps1:49
at &lt;ScriptBlock&gt;, R:\Development\NinjaOne\Tests\NinjaOne.Help.Tests.ps1:49</failure>
    </testcase>
  </testsuite>
</testsuites>